{"/Users/f/pjs/vision-next/packages/wallets/src/index.ts": {"path":"/Users/f/pjs/vision-next/packages/wallets/src/index.ts","all":true,"statementMap":{"0":{"start":{"line":1,"column":0},"end":{"line":1,"column":67}},"2":{"start":{"line":3,"column":0},"end":{"line":3,"column":27}},"4":{"start":{"line":5,"column":0},"end":{"line":5,"column":34}},"5":{"start":{"line":6,"column":0},"end":{"line":6,"column":33}}},"s":{"0":0,"2":0,"4":0,"5":0},"branchMap":{"0":{"type":"branch","line":1,"loc":{"start":{"line":1,"column":0},"end":{"line":6,"column":-39}},"locations":[{"start":{"line":1,"column":0},"end":{"line":6,"column":-39}}]}},"b":{"0":[0]},"fnMap":{"0":{"name":"(empty-report)","decl":{"start":{"line":1,"column":0},"end":{"line":6,"column":-39}},"loc":{"start":{"line":1,"column":0},"end":{"line":6,"column":-39}},"line":1}},"f":{"0":0}}
,"/Users/f/pjs/vision-next/packages/wallets/src/internal/hive-auth.ts": {"path":"/Users/f/pjs/vision-next/packages/wallets/src/internal/hive-auth.ts","all":true,"statementMap":{"10":{"start":{"line":11,"column":0},"end":{"line":11,"column":61}},"12":{"start":{"line":13,"column":0},"end":{"line":13,"column":85}},"13":{"start":{"line":14,"column":0},"end":{"line":14,"column":29}},"14":{"start":{"line":15,"column":0},"end":{"line":15,"column":1}},"16":{"start":{"line":17,"column":0},"end":{"line":17,"column":80}},"17":{"start":{"line":18,"column":0},"end":{"line":18,"column":26}},"18":{"start":{"line":19,"column":0},"end":{"line":19,"column":1}}},"s":{"10":0,"12":0,"13":0,"14":0,"16":0,"17":0,"18":0},"branchMap":{"0":{"type":"branch","line":1,"loc":{"start":{"line":1,"column":566},"end":{"line":19,"column":1}},"locations":[{"start":{"line":1,"column":566},"end":{"line":19,"column":1}}]}},"b":{"0":[1]},"fnMap":{"0":{"name":"(empty-report)","decl":{"start":{"line":1,"column":566},"end":{"line":19,"column":1}},"loc":{"start":{"line":1,"column":566},"end":{"line":19,"column":1}},"line":1}},"f":{"0":1}}
,"/Users/f/pjs/vision-next/packages/wallets/src/internal/scrypt-guard.ts": {"path":"/Users/f/pjs/vision-next/packages/wallets/src/internal/scrypt-guard.ts","all":true,"statementMap":{"7":{"start":{"line":8,"column":0},"end":{"line":8,"column":60}},"12":{"start":{"line":13,"column":0},"end":{"line":13,"column":52}},"13":{"start":{"line":14,"column":0},"end":{"line":14,"column":51}},"14":{"start":{"line":15,"column":0},"end":{"line":15,"column":67}},"15":{"start":{"line":16,"column":0},"end":{"line":16,"column":3}},"17":{"start":{"line":18,"column":0},"end":{"line":18,"column":7}},"18":{"start":{"line":19,"column":0},"end":{"line":19,"column":34}},"19":{"start":{"line":20,"column":0},"end":{"line":20,"column":11}},"20":{"start":{"line":21,"column":0},"end":{"line":21,"column":39}},"21":{"start":{"line":22,"column":0},"end":{"line":22,"column":3}},"22":{"start":{"line":23,"column":0},"end":{"line":23,"column":1}},"24":{"start":{"line":25,"column":0},"end":{"line":25,"column":44}},"25":{"start":{"line":26,"column":0},"end":{"line":26,"column":51}},"26":{"start":{"line":27,"column":0},"end":{"line":27,"column":67}},"27":{"start":{"line":28,"column":0},"end":{"line":28,"column":3}},"28":{"start":{"line":29,"column":0},"end":{"line":29,"column":1}}},"s":{"7":0,"12":0,"13":0,"14":0,"15":0,"17":0,"18":0,"19":0,"20":0,"21":0,"22":0,"24":0,"25":0,"26":0,"27":0,"28":0},"branchMap":{"0":{"type":"branch","line":1,"loc":{"start":{"line":1,"column":959},"end":{"line":29,"column":1}},"locations":[{"start":{"line":1,"column":959},"end":{"line":29,"column":1}}]}},"b":{"0":[1]},"fnMap":{"0":{"name":"(empty-report)","decl":{"start":{"line":1,"column":959},"end":{"line":29,"column":1}},"loc":{"start":{"line":1,"column":959},"end":{"line":29,"column":1}},"line":1}},"f":{"0":1}}
,"/Users/f/pjs/vision-next/packages/wallets/src/modules/assets/index.ts": {"path":"/Users/f/pjs/vision-next/packages/wallets/src/modules/assets/index.ts","all":true,"statementMap":{"0":{"start":{"line":1,"column":0},"end":{"line":1,"column":23}},"1":{"start":{"line":2,"column":0},"end":{"line":2,"column":24}},"2":{"start":{"line":3,"column":0},"end":{"line":3,"column":24}},"3":{"start":{"line":4,"column":0},"end":{"line":4,"column":22}},"4":{"start":{"line":5,"column":0},"end":{"line":5,"column":30}},"5":{"start":{"line":6,"column":0},"end":{"line":6,"column":25}}},"s":{"0":0,"1":0,"2":0,"3":0,"4":0,"5":0},"branchMap":{"0":{"type":"branch","line":1,"loc":{"start":{"line":1,"column":153},"end":{"line":6,"column":25}},"locations":[{"start":{"line":1,"column":153},"end":{"line":6,"column":25}}]}},"b":{"0":[0]},"fnMap":{"0":{"name":"(empty-report)","decl":{"start":{"line":1,"column":153},"end":{"line":6,"column":25}},"loc":{"start":{"line":1,"column":153},"end":{"line":6,"column":25}},"line":1}},"f":{"0":0}}
,"/Users/f/pjs/vision-next/packages/wallets/src/modules/assets/external/index.ts": {"path":"/Users/f/pjs/vision-next/packages/wallets/src/modules/assets/external/index.ts","all":true,"statementMap":{"0":{"start":{"line":1,"column":0},"end":{"line":1,"column":22}},"1":{"start":{"line":2,"column":0},"end":{"line":2,"column":22}},"2":{"start":{"line":3,"column":0},"end":{"line":3,"column":22}},"3":{"start":{"line":4,"column":0},"end":{"line":4,"column":22}},"4":{"start":{"line":5,"column":0},"end":{"line":5,"column":22}},"5":{"start":{"line":6,"column":0},"end":{"line":6,"column":22}},"6":{"start":{"line":7,"column":0},"end":{"line":7,"column":23}}},"s":{"0":0,"1":0,"2":0,"3":0,"4":0,"5":0,"6":0},"branchMap":{"0":{"type":"branch","line":1,"loc":{"start":{"line":1,"column":161},"end":{"line":7,"column":23}},"locations":[{"start":{"line":1,"column":161},"end":{"line":7,"column":23}}]}},"b":{"0":[0]},"fnMap":{"0":{"name":"(empty-report)","decl":{"start":{"line":1,"column":161},"end":{"line":7,"column":23}},"loc":{"start":{"line":1,"column":161},"end":{"line":7,"column":23}},"line":1}},"f":{"0":0}}
,"/Users/f/pjs/vision-next/packages/wallets/src/modules/assets/external/apt/get-apt-asset-balance-query-options.ts": {"path":"/Users/f/pjs/vision-next/packages/wallets/src/modules/assets/external/apt/get-apt-asset-balance-query-options.ts","all":true,"statementMap":{"0":{"start":{"line":1,"column":0},"end":{"line":1,"column":37}},"4":{"start":{"line":5,"column":0},"end":{"line":5,"column":65}},"5":{"start":{"line":6,"column":0},"end":{"line":6,"column":23}},"6":{"start":{"line":7,"column":0},"end":{"line":7,"column":52}},"7":{"start":{"line":8,"column":0},"end":{"line":8,"column":26}},"8":{"start":{"line":9,"column":0},"end":{"line":9,"column":93}},"9":{"start":{"line":10,"column":0},"end":{"line":10,"column":15}},"10":{"start":{"line":11,"column":0},"end":{"line":11,"column":10}},"12":{"start":{"line":13,"column":0},"end":{"line":13,"column":11}},"13":{"start":{"line":14,"column":0},"end":{"line":14,"column":46}},"14":{"start":{"line":15,"column":0},"end":{"line":15,"column":27}},"15":{"start":{"line":16,"column":0},"end":{"line":16,"column":73}},"16":{"start":{"line":17,"column":0},"end":{"line":17,"column":9}},"17":{"start":{"line":18,"column":0},"end":{"line":18,"column":68}},"18":{"start":{"line":19,"column":0},"end":{"line":19,"column":25}},"19":{"start":{"line":20,"column":0},"end":{"line":20,"column":23}},"20":{"start":{"line":21,"column":0},"end":{"line":21,"column":29}},"22":{"start":{"line":23,"column":0},"end":{"line":23,"column":67}},"23":{"start":{"line":24,"column":0},"end":{"line":24,"column":68}},"24":{"start":{"line":25,"column":0},"end":{"line":25,"column":25}},"25":{"start":{"line":26,"column":0},"end":{"line":26,"column":7}},"26":{"start":{"line":27,"column":0},"end":{"line":27,"column":6}},"27":{"start":{"line":28,"column":0},"end":{"line":28,"column":5}},"28":{"start":{"line":29,"column":0},"end":{"line":29,"column":1}}},"s":{"0":0,"4":0,"5":0,"6":0,"7":0,"8":0,"9":0,"10":0,"12":0,"13":0,"14":0,"15":0,"16":0,"17":0,"18":0,"19":0,"20":0,"22":0,"23":0,"24":0,"25":0,"26":0,"27":0,"28":0},"branchMap":{"0":{"type":"branch","line":1,"loc":{"start":{"line":1,"column":0},"end":{"line":29,"column":-295}},"locations":[{"start":{"line":1,"column":0},"end":{"line":29,"column":-295}}]}},"b":{"0":[0]},"fnMap":{"0":{"name":"(empty-report)","decl":{"start":{"line":1,"column":0},"end":{"line":29,"column":-295}},"loc":{"start":{"line":1,"column":0},"end":{"line":29,"column":-295}},"line":1}},"f":{"0":0}}
,"/Users/f/pjs/vision-next/packages/wallets/src/modules/assets/external/apt/get-apt-asset-general-info-query-options.ts": {"path":"/Users/f/pjs/vision-next/packages/wallets/src/modules/assets/external/apt/get-apt-asset-general-info-query-options.ts","all":true,"statementMap":{"0":{"start":{"line":1,"column":0},"end":{"line":1,"column":53}},"7":{"start":{"line":8,"column":0},"end":{"line":8,"column":70}},"8":{"start":{"line":9,"column":0},"end":{"line":9,"column":23}},"9":{"start":{"line":10,"column":0},"end":{"line":10,"column":58}},"10":{"start":{"line":11,"column":0},"end":{"line":11,"column":21}},"11":{"start":{"line":12,"column":0},"end":{"line":12,"column":27}},"12":{"start":{"line":13,"column":0},"end":{"line":13,"column":26}},"13":{"start":{"line":14,"column":0},"end":{"line":14,"column":67}},"15":{"start":{"line":16,"column":0},"end":{"line":16,"column":42}},"16":{"start":{"line":17,"column":0},"end":{"line":17,"column":47}},"17":{"start":{"line":18,"column":0},"end":{"line":18,"column":8}},"18":{"start":{"line":19,"column":0},"end":{"line":19,"column":28}},"19":{"start":{"line":20,"column":0},"end":{"line":20,"column":49}},"20":{"start":{"line":21,"column":0},"end":{"line":21,"column":58}},"21":{"start":{"line":22,"column":0},"end":{"line":22,"column":22}},"23":{"start":{"line":24,"column":0},"end":{"line":24,"column":45}},"24":{"start":{"line":25,"column":0},"end":{"line":25,"column":40}},"25":{"start":{"line":26,"column":0},"end":{"line":26,"column":8}},"26":{"start":{"line":27,"column":0},"end":{"line":27,"column":19}},"27":{"start":{"line":28,"column":0},"end":{"line":28,"column":48}},"28":{"start":{"line":29,"column":0},"end":{"line":29,"column":51}},"29":{"start":{"line":30,"column":0},"end":{"line":30,"column":15}},"31":{"start":{"line":32,"column":0},"end":{"line":32,"column":14}},"32":{"start":{"line":33,"column":0},"end":{"line":33,"column":20}},"33":{"start":{"line":34,"column":0},"end":{"line":34,"column":23}},"34":{"start":{"line":35,"column":0},"end":{"line":35,"column":14}},"35":{"start":{"line":36,"column":0},"end":{"line":36,"column":23}},"36":{"start":{"line":37,"column":0},"end":{"line":37,"column":35}},"37":{"start":{"line":38,"column":0},"end":{"line":38,"column":6}},"38":{"start":{"line":39,"column":0},"end":{"line":39,"column":5}},"39":{"start":{"line":40,"column":0},"end":{"line":40,"column":1}}},"s":{"0":0,"7":0,"8":0,"9":0,"10":0,"11":0,"12":0,"13":0,"15":0,"16":0,"17":0,"18":0,"19":0,"20":0,"21":0,"23":0,"24":0,"25":0,"26":0,"27":0,"28":0,"29":0,"31":0,"32":0,"33":0,"34":0,"35":0,"36":0,"37":0,"38":0,"39":0},"branchMap":{"0":{"type":"branch","line":1,"loc":{"start":{"line":1,"column":0},"end":{"line":40,"column":-487}},"locations":[{"start":{"line":1,"column":0},"end":{"line":40,"column":-487}}]}},"b":{"0":[0]},"fnMap":{"0":{"name":"(empty-report)","decl":{"start":{"line":1,"column":0},"end":{"line":40,"column":-487}},"loc":{"start":{"line":1,"column":0},"end":{"line":40,"column":-487}},"line":1}},"f":{"0":0}}
,"/Users/f/pjs/vision-next/packages/wallets/src/modules/assets/external/apt/index.ts": {"path":"/Users/f/pjs/vision-next/packages/wallets/src/modules/assets/external/apt/index.ts","all":true,"statementMap":{"0":{"start":{"line":1,"column":0},"end":{"line":1,"column":59}},"1":{"start":{"line":2,"column":0},"end":{"line":2,"column":54}}},"s":{"0":0,"1":0},"branchMap":{"0":{"type":"branch","line":1,"loc":{"start":{"line":1,"column":0},"end":{"line":2,"column":-46}},"locations":[{"start":{"line":1,"column":0},"end":{"line":2,"column":-46}}]}},"b":{"0":[0]},"fnMap":{"0":{"name":"(empty-report)","decl":{"start":{"line":1,"column":0},"end":{"line":2,"column":-46}},"loc":{"start":{"line":1,"column":0},"end":{"line":2,"column":-46}},"line":1}},"f":{"0":0}}
,"/Users/f/pjs/vision-next/packages/wallets/src/modules/assets/external/bnb/get-bnb-asset-balance-query-options.ts": {"path":"/Users/f/pjs/vision-next/packages/wallets/src/modules/assets/external/bnb/get-bnb-asset-balance-query-options.ts","all":true,"statementMap":{"0":{"start":{"line":1,"column":0},"end":{"line":1,"column":37}},"4":{"start":{"line":5,"column":0},"end":{"line":5,"column":65}},"5":{"start":{"line":6,"column":0},"end":{"line":6,"column":23}},"6":{"start":{"line":7,"column":0},"end":{"line":7,"column":52}},"7":{"start":{"line":8,"column":0},"end":{"line":8,"column":26}},"8":{"start":{"line":9,"column":0},"end":{"line":9,"column":93}},"9":{"start":{"line":10,"column":0},"end":{"line":10,"column":15}},"10":{"start":{"line":11,"column":0},"end":{"line":11,"column":10}},"12":{"start":{"line":13,"column":0},"end":{"line":13,"column":11}},"13":{"start":{"line":14,"column":0},"end":{"line":14,"column":46}},"14":{"start":{"line":15,"column":0},"end":{"line":15,"column":27}},"15":{"start":{"line":16,"column":0},"end":{"line":16,"column":73}},"16":{"start":{"line":17,"column":0},"end":{"line":17,"column":9}},"17":{"start":{"line":18,"column":0},"end":{"line":18,"column":68}},"18":{"start":{"line":19,"column":0},"end":{"line":19,"column":25}},"19":{"start":{"line":20,"column":0},"end":{"line":20,"column":23}},"20":{"start":{"line":21,"column":0},"end":{"line":21,"column":29}},"22":{"start":{"line":23,"column":0},"end":{"line":23,"column":67}},"23":{"start":{"line":24,"column":0},"end":{"line":24,"column":68}},"24":{"start":{"line":25,"column":0},"end":{"line":25,"column":25}},"25":{"start":{"line":26,"column":0},"end":{"line":26,"column":7}},"26":{"start":{"line":27,"column":0},"end":{"line":27,"column":6}},"27":{"start":{"line":28,"column":0},"end":{"line":28,"column":5}},"28":{"start":{"line":29,"column":0},"end":{"line":29,"column":1}}},"s":{"0":0,"4":0,"5":0,"6":0,"7":0,"8":0,"9":0,"10":0,"12":0,"13":0,"14":0,"15":0,"16":0,"17":0,"18":0,"19":0,"20":0,"22":0,"23":0,"24":0,"25":0,"26":0,"27":0,"28":0},"branchMap":{"0":{"type":"branch","line":1,"loc":{"start":{"line":1,"column":0},"end":{"line":29,"column":-295}},"locations":[{"start":{"line":1,"column":0},"end":{"line":29,"column":-295}}]}},"b":{"0":[0]},"fnMap":{"0":{"name":"(empty-report)","decl":{"start":{"line":1,"column":0},"end":{"line":29,"column":-295}},"loc":{"start":{"line":1,"column":0},"end":{"line":29,"column":-295}},"line":1}},"f":{"0":0}}
,"/Users/f/pjs/vision-next/packages/wallets/src/modules/assets/external/bnb/get-bnb-asset-general-info-query-options.ts": {"path":"/Users/f/pjs/vision-next/packages/wallets/src/modules/assets/external/bnb/get-bnb-asset-general-info-query-options.ts","all":true,"statementMap":{"0":{"start":{"line":1,"column":0},"end":{"line":1,"column":53}},"7":{"start":{"line":8,"column":0},"end":{"line":8,"column":70}},"8":{"start":{"line":9,"column":0},"end":{"line":9,"column":23}},"9":{"start":{"line":10,"column":0},"end":{"line":10,"column":58}},"10":{"start":{"line":11,"column":0},"end":{"line":11,"column":21}},"11":{"start":{"line":12,"column":0},"end":{"line":12,"column":27}},"12":{"start":{"line":13,"column":0},"end":{"line":13,"column":26}},"13":{"start":{"line":14,"column":0},"end":{"line":14,"column":67}},"15":{"start":{"line":16,"column":0},"end":{"line":16,"column":42}},"16":{"start":{"line":17,"column":0},"end":{"line":17,"column":47}},"17":{"start":{"line":18,"column":0},"end":{"line":18,"column":8}},"18":{"start":{"line":19,"column":0},"end":{"line":19,"column":28}},"19":{"start":{"line":20,"column":0},"end":{"line":20,"column":49}},"20":{"start":{"line":21,"column":0},"end":{"line":21,"column":58}},"21":{"start":{"line":22,"column":0},"end":{"line":22,"column":23}},"23":{"start":{"line":24,"column":0},"end":{"line":24,"column":45}},"24":{"start":{"line":25,"column":0},"end":{"line":25,"column":40}},"25":{"start":{"line":26,"column":0},"end":{"line":26,"column":8}},"26":{"start":{"line":27,"column":0},"end":{"line":27,"column":19}},"27":{"start":{"line":28,"column":0},"end":{"line":28,"column":48}},"28":{"start":{"line":29,"column":0},"end":{"line":29,"column":51}},"29":{"start":{"line":30,"column":0},"end":{"line":30,"column":15}},"31":{"start":{"line":32,"column":0},"end":{"line":32,"column":14}},"32":{"start":{"line":33,"column":0},"end":{"line":33,"column":20}},"33":{"start":{"line":34,"column":0},"end":{"line":34,"column":30}},"34":{"start":{"line":35,"column":0},"end":{"line":35,"column":14}},"35":{"start":{"line":36,"column":0},"end":{"line":36,"column":23}},"36":{"start":{"line":37,"column":0},"end":{"line":37,"column":35}},"37":{"start":{"line":38,"column":0},"end":{"line":38,"column":6}},"38":{"start":{"line":39,"column":0},"end":{"line":39,"column":5}},"39":{"start":{"line":40,"column":0},"end":{"line":40,"column":1}}},"s":{"0":0,"7":0,"8":0,"9":0,"10":0,"11":0,"12":0,"13":0,"15":0,"16":0,"17":0,"18":0,"19":0,"20":0,"21":0,"23":0,"24":0,"25":0,"26":0,"27":0,"28":0,"29":0,"31":0,"32":0,"33":0,"34":0,"35":0,"36":0,"37":0,"38":0,"39":0},"branchMap":{"0":{"type":"branch","line":1,"loc":{"start":{"line":1,"column":0},"end":{"line":40,"column":-474}},"locations":[{"start":{"line":1,"column":0},"end":{"line":40,"column":-474}}]}},"b":{"0":[0]},"fnMap":{"0":{"name":"(empty-report)","decl":{"start":{"line":1,"column":0},"end":{"line":40,"column":-474}},"loc":{"start":{"line":1,"column":0},"end":{"line":40,"column":-474}},"line":1}},"f":{"0":0}}
,"/Users/f/pjs/vision-next/packages/wallets/src/modules/assets/external/bnb/index.ts": {"path":"/Users/f/pjs/vision-next/packages/wallets/src/modules/assets/external/bnb/index.ts","all":true,"statementMap":{"0":{"start":{"line":1,"column":0},"end":{"line":1,"column":59}},"1":{"start":{"line":2,"column":0},"end":{"line":2,"column":54}}},"s":{"0":0,"1":0},"branchMap":{"0":{"type":"branch","line":1,"loc":{"start":{"line":1,"column":0},"end":{"line":2,"column":-46}},"locations":[{"start":{"line":1,"column":0},"end":{"line":2,"column":-46}}]}},"b":{"0":[0]},"fnMap":{"0":{"name":"(empty-report)","decl":{"start":{"line":1,"column":0},"end":{"line":2,"column":-46}},"loc":{"start":{"line":1,"column":0},"end":{"line":2,"column":-46}},"line":1}},"f":{"0":0}}
,"/Users/f/pjs/vision-next/packages/wallets/src/modules/assets/external/btc/get-btc-asset-balance-query-options.ts": {"path":"/Users/f/pjs/vision-next/packages/wallets/src/modules/assets/external/btc/get-btc-asset-balance-query-options.ts","all":true,"statementMap":{"0":{"start":{"line":1,"column":0},"end":{"line":1,"column":37}},"4":{"start":{"line":5,"column":0},"end":{"line":5,"column":65}},"5":{"start":{"line":6,"column":0},"end":{"line":6,"column":23}},"6":{"start":{"line":7,"column":0},"end":{"line":7,"column":52}},"7":{"start":{"line":8,"column":0},"end":{"line":8,"column":26}},"8":{"start":{"line":9,"column":0},"end":{"line":9,"column":93}},"9":{"start":{"line":10,"column":0},"end":{"line":10,"column":15}},"10":{"start":{"line":11,"column":0},"end":{"line":11,"column":10}},"12":{"start":{"line":13,"column":0},"end":{"line":13,"column":11}},"13":{"start":{"line":14,"column":0},"end":{"line":14,"column":46}},"14":{"start":{"line":15,"column":0},"end":{"line":15,"column":27}},"15":{"start":{"line":16,"column":0},"end":{"line":16,"column":73}},"16":{"start":{"line":17,"column":0},"end":{"line":17,"column":9}},"17":{"start":{"line":18,"column":0},"end":{"line":18,"column":68}},"18":{"start":{"line":19,"column":0},"end":{"line":19,"column":25}},"19":{"start":{"line":20,"column":0},"end":{"line":20,"column":23}},"20":{"start":{"line":21,"column":0},"end":{"line":21,"column":29}},"22":{"start":{"line":23,"column":0},"end":{"line":23,"column":67}},"23":{"start":{"line":24,"column":0},"end":{"line":24,"column":68}},"24":{"start":{"line":25,"column":0},"end":{"line":25,"column":25}},"25":{"start":{"line":26,"column":0},"end":{"line":26,"column":7}},"26":{"start":{"line":27,"column":0},"end":{"line":27,"column":6}},"27":{"start":{"line":28,"column":0},"end":{"line":28,"column":5}},"28":{"start":{"line":29,"column":0},"end":{"line":29,"column":1}}},"s":{"0":0,"4":0,"5":0,"6":0,"7":0,"8":0,"9":0,"10":0,"12":0,"13":0,"14":0,"15":0,"16":0,"17":0,"18":0,"19":0,"20":0,"22":0,"23":0,"24":0,"25":0,"26":0,"27":0,"28":0},"branchMap":{"0":{"type":"branch","line":1,"loc":{"start":{"line":1,"column":0},"end":{"line":29,"column":-295}},"locations":[{"start":{"line":1,"column":0},"end":{"line":29,"column":-295}}]}},"b":{"0":[0]},"fnMap":{"0":{"name":"(empty-report)","decl":{"start":{"line":1,"column":0},"end":{"line":29,"column":-295}},"loc":{"start":{"line":1,"column":0},"end":{"line":29,"column":-295}},"line":1}},"f":{"0":0}}
,"/Users/f/pjs/vision-next/packages/wallets/src/modules/assets/external/btc/get-btc-asset-general-info-query-options.ts": {"path":"/Users/f/pjs/vision-next/packages/wallets/src/modules/assets/external/btc/get-btc-asset-general-info-query-options.ts","all":true,"statementMap":{"0":{"start":{"line":1,"column":0},"end":{"line":1,"column":53}},"7":{"start":{"line":8,"column":0},"end":{"line":8,"column":70}},"8":{"start":{"line":9,"column":0},"end":{"line":9,"column":23}},"9":{"start":{"line":10,"column":0},"end":{"line":10,"column":58}},"10":{"start":{"line":11,"column":0},"end":{"line":11,"column":21}},"11":{"start":{"line":12,"column":0},"end":{"line":12,"column":27}},"12":{"start":{"line":13,"column":0},"end":{"line":13,"column":26}},"13":{"start":{"line":14,"column":0},"end":{"line":14,"column":67}},"15":{"start":{"line":16,"column":0},"end":{"line":16,"column":42}},"16":{"start":{"line":17,"column":0},"end":{"line":17,"column":47}},"17":{"start":{"line":18,"column":0},"end":{"line":18,"column":8}},"18":{"start":{"line":19,"column":0},"end":{"line":19,"column":28}},"19":{"start":{"line":20,"column":0},"end":{"line":20,"column":49}},"20":{"start":{"line":21,"column":0},"end":{"line":21,"column":58}},"21":{"start":{"line":22,"column":0},"end":{"line":22,"column":22}},"23":{"start":{"line":24,"column":0},"end":{"line":24,"column":45}},"24":{"start":{"line":25,"column":0},"end":{"line":25,"column":40}},"25":{"start":{"line":26,"column":0},"end":{"line":26,"column":8}},"26":{"start":{"line":27,"column":0},"end":{"line":27,"column":19}},"27":{"start":{"line":28,"column":0},"end":{"line":28,"column":48}},"28":{"start":{"line":29,"column":0},"end":{"line":29,"column":51}},"29":{"start":{"line":30,"column":0},"end":{"line":30,"column":15}},"31":{"start":{"line":32,"column":0},"end":{"line":32,"column":14}},"32":{"start":{"line":33,"column":0},"end":{"line":33,"column":20}},"33":{"start":{"line":34,"column":0},"end":{"line":34,"column":25}},"34":{"start":{"line":35,"column":0},"end":{"line":35,"column":14}},"35":{"start":{"line":36,"column":0},"end":{"line":36,"column":23}},"36":{"start":{"line":37,"column":0},"end":{"line":37,"column":35}},"37":{"start":{"line":38,"column":0},"end":{"line":38,"column":6}},"38":{"start":{"line":39,"column":0},"end":{"line":39,"column":5}},"39":{"start":{"line":40,"column":0},"end":{"line":40,"column":1}}},"s":{"0":0,"7":0,"8":0,"9":0,"10":0,"11":0,"12":0,"13":0,"15":0,"16":0,"17":0,"18":0,"19":0,"20":0,"21":0,"23":0,"24":0,"25":0,"26":0,"27":0,"28":0,"29":0,"31":0,"32":0,"33":0,"34":0,"35":0,"36":0,"37":0,"38":0,"39":0},"branchMap":{"0":{"type":"branch","line":1,"loc":{"start":{"line":1,"column":0},"end":{"line":40,"column":-468}},"locations":[{"start":{"line":1,"column":0},"end":{"line":40,"column":-468}}]}},"b":{"0":[0]},"fnMap":{"0":{"name":"(empty-report)","decl":{"start":{"line":1,"column":0},"end":{"line":40,"column":-468}},"loc":{"start":{"line":1,"column":0},"end":{"line":40,"column":-468}},"line":1}},"f":{"0":0}}
,"/Users/f/pjs/vision-next/packages/wallets/src/modules/assets/external/btc/index.ts": {"path":"/Users/f/pjs/vision-next/packages/wallets/src/modules/assets/external/btc/index.ts","all":true,"statementMap":{"0":{"start":{"line":1,"column":0},"end":{"line":1,"column":59}},"1":{"start":{"line":2,"column":0},"end":{"line":2,"column":54}}},"s":{"0":0,"1":0},"branchMap":{"0":{"type":"branch","line":1,"loc":{"start":{"line":1,"column":0},"end":{"line":2,"column":-46}},"locations":[{"start":{"line":1,"column":0},"end":{"line":2,"column":-46}}]}},"b":{"0":[0]},"fnMap":{"0":{"name":"(empty-report)","decl":{"start":{"line":1,"column":0},"end":{"line":2,"column":-46}},"loc":{"start":{"line":1,"column":0},"end":{"line":2,"column":-46}},"line":1}},"f":{"0":0}}
,"/Users/f/pjs/vision-next/packages/wallets/src/modules/assets/external/common/index.ts": {"path":"/Users/f/pjs/vision-next/packages/wallets/src/modules/assets/external/common/index.ts","all":true,"statementMap":{"0":{"start":{"line":1,"column":0},"end":{"line":1,"column":78}},"2":{"start":{"line":3,"column":0},"end":{"line":3,"column":44}},"3":{"start":{"line":4,"column":0},"end":{"line":4,"column":19}},"4":{"start":{"line":5,"column":0},"end":{"line":5,"column":19}},"5":{"start":{"line":6,"column":0},"end":{"line":6,"column":3}},"6":{"start":{"line":7,"column":0},"end":{"line":7,"column":79}},"7":{"start":{"line":8,"column":0},"end":{"line":8,"column":63}},"8":{"start":{"line":9,"column":0},"end":{"line":9,"column":49}},"9":{"start":{"line":10,"column":0},"end":{"line":10,"column":4}},"10":{"start":{"line":11,"column":0},"end":{"line":11,"column":79}},"11":{"start":{"line":12,"column":0},"end":{"line":12,"column":20}},"13":{"start":{"line":14,"column":0},"end":{"line":14,"column":17}},"14":{"start":{"line":15,"column":0},"end":{"line":15,"column":20}},"15":{"start":{"line":16,"column":0},"end":{"line":16,"column":68}},"16":{"start":{"line":17,"column":0},"end":{"line":17,"column":6}},"17":{"start":{"line":18,"column":0},"end":{"line":18,"column":3}},"19":{"start":{"line":20,"column":0},"end":{"line":20,"column":17}},"20":{"start":{"line":21,"column":0},"end":{"line":21,"column":1}}},"s":{"0":0,"2":0,"3":0,"4":0,"5":0,"6":0,"7":0,"8":0,"9":0,"10":0,"11":0,"13":0,"14":0,"15":0,"16":0,"17":0,"19":0,"20":0},"branchMap":{"0":{"type":"branch","line":1,"loc":{"start":{"line":1,"column":0},"end":{"line":21,"column":-140}},"locations":[{"start":{"line":1,"column":0},"end":{"line":21,"column":-140}}]}},"b":{"0":[0]},"fnMap":{"0":{"name":"(empty-report)","decl":{"start":{"line":1,"column":0},"end":{"line":21,"column":-140}},"loc":{"start":{"line":1,"column":0},"end":{"line":21,"column":-140}},"line":1}},"f":{"0":0}}
,"/Users/f/pjs/vision-next/packages/wallets/src/modules/assets/external/common/parse-private-api-balance.spec.ts": {"path":"/Users/f/pjs/vision-next/packages/wallets/src/modules/assets/external/common/parse-private-api-balance.spec.ts","all":false,"statementMap":{"0":{"start":{"line":1,"column":0},"end":{"line":1,"column":45}},"1":{"start":{"line":2,"column":0},"end":{"line":2,"column":100}},"3":{"start":{"line":4,"column":0},"end":{"line":4,"column":42}},"4":{"start":{"line":5,"column":0},"end":{"line":5,"column":37}},"5":{"start":{"line":6,"column":0},"end":{"line":6,"column":56}},"6":{"start":{"line":7,"column":0},"end":{"line":7,"column":51}},"7":{"start":{"line":8,"column":0},"end":{"line":8,"column":21}},"8":{"start":{"line":9,"column":0},"end":{"line":9,"column":27}},"9":{"start":{"line":10,"column":0},"end":{"line":10,"column":24}},"10":{"start":{"line":11,"column":0},"end":{"line":11,"column":7}},"12":{"start":{"line":13,"column":0},"end":{"line":13,"column":60}},"13":{"start":{"line":14,"column":0},"end":{"line":14,"column":30}},"14":{"start":{"line":15,"column":0},"end":{"line":15,"column":21}},"15":{"start":{"line":16,"column":0},"end":{"line":16,"column":24}},"16":{"start":{"line":17,"column":0},"end":{"line":17,"column":34}},"17":{"start":{"line":18,"column":0},"end":{"line":18,"column":35}},"18":{"start":{"line":19,"column":0},"end":{"line":19,"column":23}},"19":{"start":{"line":20,"column":0},"end":{"line":20,"column":26}},"20":{"start":{"line":21,"column":0},"end":{"line":21,"column":8}},"21":{"start":{"line":22,"column":0},"end":{"line":22,"column":38}},"22":{"start":{"line":23,"column":0},"end":{"line":23,"column":6}},"24":{"start":{"line":25,"column":0},"end":{"line":25,"column":55}},"25":{"start":{"line":26,"column":0},"end":{"line":26,"column":51}},"26":{"start":{"line":27,"column":0},"end":{"line":27,"column":21}},"27":{"start":{"line":28,"column":0},"end":{"line":28,"column":39}},"28":{"start":{"line":29,"column":0},"end":{"line":29,"column":20}},"29":{"start":{"line":30,"column":0},"end":{"line":30,"column":7}},"31":{"start":{"line":32,"column":0},"end":{"line":32,"column":60}},"32":{"start":{"line":33,"column":0},"end":{"line":33,"column":30}},"33":{"start":{"line":34,"column":0},"end":{"line":34,"column":21}},"34":{"start":{"line":35,"column":0},"end":{"line":35,"column":20}},"35":{"start":{"line":36,"column":0},"end":{"line":36,"column":44}},"36":{"start":{"line":37,"column":0},"end":{"line":37,"column":45}},"37":{"start":{"line":38,"column":0},"end":{"line":38,"column":23}},"38":{"start":{"line":39,"column":0},"end":{"line":39,"column":26}},"39":{"start":{"line":40,"column":0},"end":{"line":40,"column":8}},"40":{"start":{"line":41,"column":0},"end":{"line":41,"column":38}},"41":{"start":{"line":42,"column":0},"end":{"line":42,"column":6}},"43":{"start":{"line":44,"column":0},"end":{"line":44,"column":55}},"44":{"start":{"line":45,"column":0},"end":{"line":45,"column":67}},"45":{"start":{"line":46,"column":0},"end":{"line":46,"column":51}},"46":{"start":{"line":47,"column":0},"end":{"line":47,"column":21}},"47":{"start":{"line":48,"column":0},"end":{"line":48,"column":28}},"48":{"start":{"line":49,"column":0},"end":{"line":49,"column":25}},"49":{"start":{"line":50,"column":0},"end":{"line":50,"column":21}},"50":{"start":{"line":51,"column":0},"end":{"line":51,"column":7}},"52":{"start":{"line":53,"column":0},"end":{"line":53,"column":60}},"53":{"start":{"line":54,"column":0},"end":{"line":54,"column":41}},"54":{"start":{"line":55,"column":0},"end":{"line":55,"column":38}},"55":{"start":{"line":56,"column":0},"end":{"line":56,"column":6}},"57":{"start":{"line":58,"column":0},"end":{"line":58,"column":53}},"58":{"start":{"line":59,"column":0},"end":{"line":59,"column":51}},"59":{"start":{"line":60,"column":0},"end":{"line":60,"column":21}},"60":{"start":{"line":61,"column":0},"end":{"line":61,"column":26}},"61":{"start":{"line":62,"column":0},"end":{"line":62,"column":24}},"62":{"start":{"line":63,"column":0},"end":{"line":63,"column":27}},"63":{"start":{"line":64,"column":0},"end":{"line":64,"column":7}},"65":{"start":{"line":66,"column":0},"end":{"line":66,"column":60}},"66":{"start":{"line":67,"column":0},"end":{"line":67,"column":44}},"67":{"start":{"line":68,"column":0},"end":{"line":68,"column":38}},"68":{"start":{"line":69,"column":0},"end":{"line":69,"column":6}},"70":{"start":{"line":71,"column":0},"end":{"line":71,"column":44}},"71":{"start":{"line":72,"column":0},"end":{"line":72,"column":51}},"72":{"start":{"line":73,"column":0},"end":{"line":73,"column":21}},"73":{"start":{"line":74,"column":0},"end":{"line":74,"column":19}},"74":{"start":{"line":75,"column":0},"end":{"line":75,"column":20}},"75":{"start":{"line":76,"column":0},"end":{"line":76,"column":7}},"77":{"start":{"line":78,"column":0},"end":{"line":78,"column":60}},"78":{"start":{"line":79,"column":0},"end":{"line":79,"column":43}},"79":{"start":{"line":80,"column":0},"end":{"line":80,"column":44}},"80":{"start":{"line":81,"column":0},"end":{"line":81,"column":6}},"82":{"start":{"line":83,"column":0},"end":{"line":83,"column":51}},"83":{"start":{"line":84,"column":0},"end":{"line":84,"column":51}},"84":{"start":{"line":85,"column":0},"end":{"line":85,"column":22}},"85":{"start":{"line":86,"column":0},"end":{"line":86,"column":41}},"86":{"start":{"line":87,"column":0},"end":{"line":87,"column":20}},"87":{"start":{"line":88,"column":0},"end":{"line":88,"column":7}},"89":{"start":{"line":90,"column":0},"end":{"line":90,"column":61}},"90":{"start":{"line":91,"column":0},"end":{"line":91,"column":63}},"91":{"start":{"line":92,"column":0},"end":{"line":92,"column":64}},"92":{"start":{"line":93,"column":0},"end":{"line":93,"column":6}},"94":{"start":{"line":95,"column":0},"end":{"line":95,"column":13}},"95":{"start":{"line":96,"column":0},"end":{"line":96,"column":32}},"96":{"start":{"line":97,"column":0},"end":{"line":97,"column":35}},"97":{"start":{"line":98,"column":0},"end":{"line":98,"column":35}},"98":{"start":{"line":99,"column":0},"end":{"line":99,"column":41}},"99":{"start":{"line":100,"column":0},"end":{"line":100,"column":76}},"100":{"start":{"line":101,"column":0},"end":{"line":101,"column":51}},"101":{"start":{"line":102,"column":0},"end":{"line":102,"column":14}},"102":{"start":{"line":103,"column":0},"end":{"line":103,"column":16}},"103":{"start":{"line":104,"column":0},"end":{"line":104,"column":13}},"104":{"start":{"line":105,"column":0},"end":{"line":105,"column":7}},"106":{"start":{"line":107,"column":0},"end":{"line":107,"column":60}},"107":{"start":{"line":108,"column":0},"end":{"line":108,"column":38}},"108":{"start":{"line":109,"column":0},"end":{"line":109,"column":36}},"109":{"start":{"line":110,"column":0},"end":{"line":110,"column":56}},"110":{"start":{"line":111,"column":0},"end":{"line":111,"column":6}},"111":{"start":{"line":112,"column":0},"end":{"line":112,"column":4}},"113":{"start":{"line":114,"column":0},"end":{"line":114,"column":53}},"114":{"start":{"line":115,"column":0},"end":{"line":115,"column":52}},"115":{"start":{"line":116,"column":0},"end":{"line":116,"column":71}},"116":{"start":{"line":117,"column":0},"end":{"line":117,"column":53}},"117":{"start":{"line":118,"column":0},"end":{"line":118,"column":7}},"118":{"start":{"line":119,"column":0},"end":{"line":119,"column":6}},"120":{"start":{"line":121,"column":0},"end":{"line":121,"column":61}},"121":{"start":{"line":122,"column":0},"end":{"line":122,"column":76}},"122":{"start":{"line":123,"column":0},"end":{"line":123,"column":53}},"123":{"start":{"line":124,"column":0},"end":{"line":124,"column":7}},"124":{"start":{"line":125,"column":0},"end":{"line":125,"column":6}},"126":{"start":{"line":127,"column":0},"end":{"line":127,"column":50}},"127":{"start":{"line":128,"column":0},"end":{"line":128,"column":51}},"128":{"start":{"line":129,"column":0},"end":{"line":129,"column":21}},"129":{"start":{"line":130,"column":0},"end":{"line":130,"column":22}},"130":{"start":{"line":131,"column":0},"end":{"line":131,"column":20}},"131":{"start":{"line":132,"column":0},"end":{"line":132,"column":7}},"133":{"start":{"line":134,"column":0},"end":{"line":134,"column":68}},"134":{"start":{"line":135,"column":0},"end":{"line":135,"column":58}},"135":{"start":{"line":136,"column":0},"end":{"line":136,"column":7}},"136":{"start":{"line":137,"column":0},"end":{"line":137,"column":6}},"138":{"start":{"line":139,"column":0},"end":{"line":139,"column":52}},"139":{"start":{"line":140,"column":0},"end":{"line":140,"column":24}},"140":{"start":{"line":141,"column":0},"end":{"line":141,"column":22}},"141":{"start":{"line":142,"column":0},"end":{"line":142,"column":24}},"142":{"start":{"line":143,"column":0},"end":{"line":143,"column":14}},"144":{"start":{"line":145,"column":0},"end":{"line":145,"column":68}},"145":{"start":{"line":146,"column":0},"end":{"line":146,"column":58}},"146":{"start":{"line":147,"column":0},"end":{"line":147,"column":7}},"147":{"start":{"line":148,"column":0},"end":{"line":148,"column":6}},"149":{"start":{"line":150,"column":0},"end":{"line":150,"column":51}},"150":{"start":{"line":151,"column":0},"end":{"line":151,"column":24}},"151":{"start":{"line":152,"column":0},"end":{"line":152,"column":21}},"152":{"start":{"line":153,"column":0},"end":{"line":153,"column":22}},"153":{"start":{"line":154,"column":0},"end":{"line":154,"column":14}},"155":{"start":{"line":156,"column":0},"end":{"line":156,"column":68}},"156":{"start":{"line":157,"column":0},"end":{"line":157,"column":58}},"157":{"start":{"line":158,"column":0},"end":{"line":158,"column":7}},"158":{"start":{"line":159,"column":0},"end":{"line":159,"column":6}},"160":{"start":{"line":161,"column":0},"end":{"line":161,"column":56}},"161":{"start":{"line":162,"column":0},"end":{"line":162,"column":51}},"162":{"start":{"line":163,"column":0},"end":{"line":163,"column":21}},"163":{"start":{"line":164,"column":0},"end":{"line":164,"column":22}},"164":{"start":{"line":165,"column":0},"end":{"line":165,"column":17}},"165":{"start":{"line":166,"column":0},"end":{"line":166,"column":7}},"167":{"start":{"line":168,"column":0},"end":{"line":168,"column":68}},"168":{"start":{"line":169,"column":0},"end":{"line":169,"column":58}},"169":{"start":{"line":170,"column":0},"end":{"line":170,"column":7}},"170":{"start":{"line":171,"column":0},"end":{"line":171,"column":6}},"172":{"start":{"line":173,"column":0},"end":{"line":173,"column":56}},"173":{"start":{"line":174,"column":0},"end":{"line":174,"column":24}},"174":{"start":{"line":175,"column":0},"end":{"line":175,"column":21}},"175":{"start":{"line":176,"column":0},"end":{"line":176,"column":24}},"176":{"start":{"line":177,"column":0},"end":{"line":177,"column":14}},"178":{"start":{"line":179,"column":0},"end":{"line":179,"column":68}},"179":{"start":{"line":180,"column":0},"end":{"line":180,"column":61}},"180":{"start":{"line":181,"column":0},"end":{"line":181,"column":7}},"181":{"start":{"line":182,"column":0},"end":{"line":182,"column":6}},"183":{"start":{"line":184,"column":0},"end":{"line":184,"column":51}},"184":{"start":{"line":185,"column":0},"end":{"line":185,"column":51}},"185":{"start":{"line":186,"column":0},"end":{"line":186,"column":21}},"186":{"start":{"line":187,"column":0},"end":{"line":187,"column":29}},"187":{"start":{"line":188,"column":0},"end":{"line":188,"column":24}},"188":{"start":{"line":189,"column":0},"end":{"line":189,"column":7}},"190":{"start":{"line":191,"column":0},"end":{"line":191,"column":68}},"191":{"start":{"line":192,"column":0},"end":{"line":192,"column":61}},"192":{"start":{"line":193,"column":0},"end":{"line":193,"column":7}},"193":{"start":{"line":194,"column":0},"end":{"line":194,"column":6}},"194":{"start":{"line":195,"column":0},"end":{"line":195,"column":4}},"196":{"start":{"line":197,"column":0},"end":{"line":197,"column":58}},"197":{"start":{"line":198,"column":0},"end":{"line":198,"column":58}},"198":{"start":{"line":199,"column":0},"end":{"line":199,"column":51}},"199":{"start":{"line":200,"column":0},"end":{"line":200,"column":21}},"200":{"start":{"line":201,"column":0},"end":{"line":201,"column":21}},"201":{"start":{"line":202,"column":0},"end":{"line":202,"column":24}},"202":{"start":{"line":203,"column":0},"end":{"line":203,"column":7}},"204":{"start":{"line":205,"column":0},"end":{"line":205,"column":68}},"205":{"start":{"line":206,"column":0},"end":{"line":206,"column":59}},"206":{"start":{"line":207,"column":0},"end":{"line":207,"column":7}},"207":{"start":{"line":208,"column":0},"end":{"line":208,"column":6}},"209":{"start":{"line":210,"column":0},"end":{"line":210,"column":63}},"210":{"start":{"line":211,"column":0},"end":{"line":211,"column":51}},"211":{"start":{"line":212,"column":0},"end":{"line":212,"column":21}},"212":{"start":{"line":213,"column":0},"end":{"line":213,"column":26}},"213":{"start":{"line":214,"column":0},"end":{"line":214,"column":24}},"214":{"start":{"line":215,"column":0},"end":{"line":215,"column":7}},"216":{"start":{"line":217,"column":0},"end":{"line":217,"column":68}},"217":{"start":{"line":218,"column":0},"end":{"line":218,"column":59}},"218":{"start":{"line":219,"column":0},"end":{"line":219,"column":7}},"219":{"start":{"line":220,"column":0},"end":{"line":220,"column":6}},"221":{"start":{"line":222,"column":0},"end":{"line":222,"column":64}},"222":{"start":{"line":223,"column":0},"end":{"line":223,"column":51}},"223":{"start":{"line":224,"column":0},"end":{"line":224,"column":21}},"224":{"start":{"line":225,"column":0},"end":{"line":225,"column":27}},"225":{"start":{"line":226,"column":0},"end":{"line":226,"column":24}},"226":{"start":{"line":227,"column":0},"end":{"line":227,"column":7}},"228":{"start":{"line":229,"column":0},"end":{"line":229,"column":68}},"229":{"start":{"line":230,"column":0},"end":{"line":230,"column":59}},"230":{"start":{"line":231,"column":0},"end":{"line":231,"column":7}},"231":{"start":{"line":232,"column":0},"end":{"line":232,"column":6}},"233":{"start":{"line":234,"column":0},"end":{"line":234,"column":59}},"234":{"start":{"line":235,"column":0},"end":{"line":235,"column":51}},"235":{"start":{"line":236,"column":0},"end":{"line":236,"column":21}},"236":{"start":{"line":237,"column":0},"end":{"line":237,"column":20}},"237":{"start":{"line":238,"column":0},"end":{"line":238,"column":20}},"238":{"start":{"line":239,"column":0},"end":{"line":239,"column":7}},"240":{"start":{"line":241,"column":0},"end":{"line":241,"column":68}},"241":{"start":{"line":242,"column":0},"end":{"line":242,"column":54}},"242":{"start":{"line":243,"column":0},"end":{"line":243,"column":7}},"243":{"start":{"line":244,"column":0},"end":{"line":244,"column":6}},"245":{"start":{"line":246,"column":0},"end":{"line":246,"column":69}},"246":{"start":{"line":247,"column":0},"end":{"line":247,"column":51}},"247":{"start":{"line":248,"column":0},"end":{"line":248,"column":21}},"248":{"start":{"line":249,"column":0},"end":{"line":249,"column":23}},"249":{"start":{"line":250,"column":0},"end":{"line":250,"column":20}},"250":{"start":{"line":251,"column":0},"end":{"line":251,"column":7}},"252":{"start":{"line":253,"column":0},"end":{"line":253,"column":68}},"253":{"start":{"line":254,"column":0},"end":{"line":254,"column":54}},"254":{"start":{"line":255,"column":0},"end":{"line":255,"column":7}},"255":{"start":{"line":256,"column":0},"end":{"line":256,"column":6}},"257":{"start":{"line":258,"column":0},"end":{"line":258,"column":73}},"258":{"start":{"line":259,"column":0},"end":{"line":259,"column":51}},"259":{"start":{"line":260,"column":0},"end":{"line":260,"column":21}},"260":{"start":{"line":261,"column":0},"end":{"line":261,"column":27}},"261":{"start":{"line":262,"column":0},"end":{"line":262,"column":20}},"262":{"start":{"line":263,"column":0},"end":{"line":263,"column":7}},"264":{"start":{"line":265,"column":0},"end":{"line":265,"column":68}},"265":{"start":{"line":266,"column":0},"end":{"line":266,"column":63}},"266":{"start":{"line":267,"column":0},"end":{"line":267,"column":7}},"267":{"start":{"line":268,"column":0},"end":{"line":268,"column":6}},"269":{"start":{"line":270,"column":0},"end":{"line":270,"column":82}},"270":{"start":{"line":271,"column":0},"end":{"line":271,"column":51}},"271":{"start":{"line":272,"column":0},"end":{"line":272,"column":21}},"272":{"start":{"line":273,"column":0},"end":{"line":273,"column":26}},"273":{"start":{"line":274,"column":0},"end":{"line":274,"column":20}},"274":{"start":{"line":275,"column":0},"end":{"line":275,"column":7}},"276":{"start":{"line":277,"column":0},"end":{"line":277,"column":68}},"277":{"start":{"line":278,"column":0},"end":{"line":278,"column":63}},"278":{"start":{"line":279,"column":0},"end":{"line":279,"column":7}},"279":{"start":{"line":280,"column":0},"end":{"line":280,"column":6}},"281":{"start":{"line":282,"column":0},"end":{"line":282,"column":62}},"282":{"start":{"line":283,"column":0},"end":{"line":283,"column":51}},"283":{"start":{"line":284,"column":0},"end":{"line":284,"column":21}},"284":{"start":{"line":285,"column":0},"end":{"line":285,"column":27}},"285":{"start":{"line":286,"column":0},"end":{"line":286,"column":24}},"286":{"start":{"line":287,"column":0},"end":{"line":287,"column":7}},"288":{"start":{"line":289,"column":0},"end":{"line":289,"column":68}},"289":{"start":{"line":290,"column":0},"end":{"line":290,"column":62}},"290":{"start":{"line":291,"column":0},"end":{"line":291,"column":7}},"291":{"start":{"line":292,"column":0},"end":{"line":292,"column":6}},"292":{"start":{"line":293,"column":0},"end":{"line":293,"column":4}},"294":{"start":{"line":295,"column":0},"end":{"line":295,"column":53}},"295":{"start":{"line":296,"column":0},"end":{"line":296,"column":57}},"296":{"start":{"line":297,"column":0},"end":{"line":297,"column":51}},"297":{"start":{"line":298,"column":0},"end":{"line":298,"column":21}},"298":{"start":{"line":299,"column":0},"end":{"line":299,"column":25}},"299":{"start":{"line":300,"column":0},"end":{"line":300,"column":24}},"300":{"start":{"line":301,"column":0},"end":{"line":301,"column":7}},"302":{"start":{"line":303,"column":0},"end":{"line":303,"column":60}},"303":{"start":{"line":304,"column":0},"end":{"line":304,"column":46}},"304":{"start":{"line":305,"column":0},"end":{"line":305,"column":45}},"305":{"start":{"line":306,"column":0},"end":{"line":306,"column":6}},"307":{"start":{"line":308,"column":0},"end":{"line":308,"column":56}},"308":{"start":{"line":309,"column":0},"end":{"line":309,"column":51}},"309":{"start":{"line":310,"column":0},"end":{"line":310,"column":21}},"310":{"start":{"line":311,"column":0},"end":{"line":311,"column":22}},"311":{"start":{"line":312,"column":0},"end":{"line":312,"column":24}},"312":{"start":{"line":313,"column":0},"end":{"line":313,"column":7}},"314":{"start":{"line":315,"column":0},"end":{"line":315,"column":60}},"315":{"start":{"line":316,"column":0},"end":{"line":316,"column":47}},"316":{"start":{"line":317,"column":0},"end":{"line":317,"column":46}},"317":{"start":{"line":318,"column":0},"end":{"line":318,"column":6}},"318":{"start":{"line":319,"column":0},"end":{"line":319,"column":4}},"320":{"start":{"line":321,"column":0},"end":{"line":321,"column":37}},"321":{"start":{"line":322,"column":0},"end":{"line":322,"column":57}},"322":{"start":{"line":323,"column":0},"end":{"line":323,"column":51}},"323":{"start":{"line":324,"column":0},"end":{"line":324,"column":21}},"324":{"start":{"line":325,"column":0},"end":{"line":325,"column":22}},"325":{"start":{"line":326,"column":0},"end":{"line":326,"column":24}},"326":{"start":{"line":327,"column":0},"end":{"line":327,"column":19}},"327":{"start":{"line":328,"column":0},"end":{"line":328,"column":7}},"329":{"start":{"line":330,"column":0},"end":{"line":330,"column":60}},"330":{"start":{"line":331,"column":0},"end":{"line":331,"column":43}},"331":{"start":{"line":332,"column":0},"end":{"line":332,"column":6}},"333":{"start":{"line":334,"column":0},"end":{"line":334,"column":57}},"334":{"start":{"line":335,"column":0},"end":{"line":335,"column":51}},"335":{"start":{"line":336,"column":0},"end":{"line":336,"column":21}},"336":{"start":{"line":337,"column":0},"end":{"line":337,"column":22}},"337":{"start":{"line":338,"column":0},"end":{"line":338,"column":24}},"338":{"start":{"line":339,"column":0},"end":{"line":339,"column":27}},"339":{"start":{"line":340,"column":0},"end":{"line":340,"column":7}},"341":{"start":{"line":342,"column":0},"end":{"line":342,"column":60}},"342":{"start":{"line":343,"column":0},"end":{"line":343,"column":43}},"343":{"start":{"line":344,"column":0},"end":{"line":344,"column":6}},"345":{"start":{"line":346,"column":0},"end":{"line":346,"column":45}},"346":{"start":{"line":347,"column":0},"end":{"line":347,"column":51}},"347":{"start":{"line":348,"column":0},"end":{"line":348,"column":21}},"348":{"start":{"line":349,"column":0},"end":{"line":349,"column":22}},"349":{"start":{"line":350,"column":0},"end":{"line":350,"column":24}},"350":{"start":{"line":351,"column":0},"end":{"line":351,"column":32}},"351":{"start":{"line":352,"column":0},"end":{"line":352,"column":7}},"353":{"start":{"line":354,"column":0},"end":{"line":354,"column":60}},"354":{"start":{"line":355,"column":0},"end":{"line":355,"column":49}},"355":{"start":{"line":356,"column":0},"end":{"line":356,"column":6}},"356":{"start":{"line":357,"column":0},"end":{"line":357,"column":4}},"358":{"start":{"line":359,"column":0},"end":{"line":359,"column":40}},"359":{"start":{"line":360,"column":0},"end":{"line":360,"column":59}},"360":{"start":{"line":361,"column":0},"end":{"line":361,"column":51}},"361":{"start":{"line":362,"column":0},"end":{"line":362,"column":21}},"362":{"start":{"line":363,"column":0},"end":{"line":363,"column":26}},"363":{"start":{"line":364,"column":0},"end":{"line":364,"column":24}},"364":{"start":{"line":365,"column":0},"end":{"line":365,"column":32}},"365":{"start":{"line":366,"column":0},"end":{"line":366,"column":7}},"367":{"start":{"line":368,"column":0},"end":{"line":368,"column":60}},"368":{"start":{"line":369,"column":0},"end":{"line":369,"column":38}},"369":{"start":{"line":370,"column":0},"end":{"line":370,"column":6}},"371":{"start":{"line":372,"column":0},"end":{"line":372,"column":74}},"372":{"start":{"line":373,"column":0},"end":{"line":373,"column":51}},"373":{"start":{"line":374,"column":0},"end":{"line":374,"column":21}},"374":{"start":{"line":375,"column":0},"end":{"line":375,"column":39}},"375":{"start":{"line":376,"column":0},"end":{"line":376,"column":20}},"376":{"start":{"line":377,"column":0},"end":{"line":377,"column":14}},"377":{"start":{"line":378,"column":0},"end":{"line":378,"column":32}},"378":{"start":{"line":379,"column":0},"end":{"line":379,"column":34}},"379":{"start":{"line":380,"column":0},"end":{"line":380,"column":10}},"380":{"start":{"line":381,"column":0},"end":{"line":381,"column":32}},"381":{"start":{"line":382,"column":0},"end":{"line":382,"column":7}},"383":{"start":{"line":384,"column":0},"end":{"line":384,"column":60}},"384":{"start":{"line":385,"column":0},"end":{"line":385,"column":38}},"385":{"start":{"line":386,"column":0},"end":{"line":386,"column":6}},"386":{"start":{"line":387,"column":0},"end":{"line":387,"column":4}},"387":{"start":{"line":388,"column":0},"end":{"line":388,"column":2}}},"s":{"0":1,"1":1,"3":1,"4":1,"5":1,"6":1,"7":1,"8":1,"9":1,"10":1,"12":1,"13":1,"14":1,"15":1,"16":1,"17":1,"18":1,"19":1,"20":1,"21":1,"22":1,"24":1,"25":1,"26":1,"27":1,"28":1,"29":1,"31":1,"32":1,"33":1,"34":1,"35":1,"36":1,"37":1,"38":1,"39":1,"40":1,"41":1,"43":1,"44":1,"45":1,"46":1,"47":1,"48":1,"49":1,"50":1,"52":1,"53":1,"54":1,"55":1,"57":1,"58":1,"59":1,"60":1,"61":1,"62":1,"63":1,"65":1,"66":1,"67":1,"68":1,"70":1,"71":1,"72":1,"73":1,"74":1,"75":1,"77":1,"78":1,"79":1,"80":1,"82":1,"83":1,"84":1,"85":1,"86":1,"87":1,"89":1,"90":1,"91":1,"92":1,"94":1,"95":1,"96":1,"97":1,"98":1,"99":1,"100":4,"101":4,"102":4,"103":4,"104":4,"106":4,"107":4,"108":4,"109":4,"110":1,"111":1,"113":1,"114":1,"115":1,"116":1,"117":1,"118":1,"120":1,"121":1,"122":1,"123":1,"124":1,"126":1,"127":1,"128":1,"129":1,"130":1,"131":1,"133":1,"134":1,"135":1,"136":1,"138":1,"139":1,"140":1,"141":1,"142":1,"144":1,"145":1,"146":1,"147":1,"149":1,"150":1,"151":1,"152":1,"153":1,"155":1,"156":1,"157":1,"158":1,"160":1,"161":1,"162":1,"163":1,"164":1,"165":1,"167":1,"168":1,"169":1,"170":1,"172":1,"173":1,"174":1,"175":1,"176":1,"178":1,"179":1,"180":1,"181":1,"183":1,"184":1,"185":1,"186":1,"187":1,"188":1,"190":1,"191":1,"192":1,"193":1,"194":1,"196":1,"197":1,"198":1,"199":1,"200":1,"201":1,"202":1,"204":1,"205":1,"206":1,"207":1,"209":1,"210":1,"211":1,"212":1,"213":1,"214":1,"216":1,"217":1,"218":1,"219":1,"221":1,"222":1,"223":1,"224":1,"225":1,"226":1,"228":1,"229":1,"230":1,"231":1,"233":1,"234":1,"235":1,"236":1,"237":1,"238":1,"240":1,"241":1,"242":1,"243":1,"245":1,"246":1,"247":1,"248":1,"249":1,"250":1,"252":1,"253":1,"254":1,"255":1,"257":1,"258":1,"259":1,"260":1,"261":1,"262":1,"264":1,"265":1,"266":1,"267":1,"269":1,"270":1,"271":1,"272":1,"273":1,"274":1,"276":1,"277":1,"278":1,"279":1,"281":1,"282":1,"283":1,"284":1,"285":1,"286":1,"288":1,"289":1,"290":1,"291":1,"292":1,"294":1,"295":1,"296":1,"297":1,"298":1,"299":1,"300":1,"302":1,"303":1,"304":1,"305":1,"307":1,"308":1,"309":1,"310":1,"311":1,"312":1,"314":1,"315":1,"316":1,"317":1,"318":1,"320":1,"321":1,"322":1,"323":1,"324":1,"325":1,"326":1,"327":1,"329":1,"330":1,"331":1,"333":1,"334":1,"335":1,"336":1,"337":1,"338":1,"339":1,"341":1,"342":1,"343":1,"345":1,"346":1,"347":1,"348":1,"349":1,"350":1,"351":1,"353":1,"354":1,"355":1,"356":1,"358":1,"359":1,"360":1,"361":1,"362":1,"363":1,"364":1,"365":1,"367":1,"368":1,"369":1,"371":1,"372":1,"373":1,"374":1,"375":1,"376":1,"377":1,"378":1,"379":1,"380":1,"381":1,"383":1,"384":1,"385":1,"386":1,"387":1},"branchMap":{"0":{"type":"branch","line":4,"loc":{"start":{"line":4,"column":35},"end":{"line":388,"column":2}},"locations":[{"start":{"line":4,"column":35},"end":{"line":388,"column":2}}]},"1":{"type":"branch","line":5,"loc":{"start":{"line":5,"column":30},"end":{"line":112,"column":3}},"locations":[{"start":{"line":5,"column":30},"end":{"line":112,"column":3}}]},"2":{"type":"branch","line":6,"loc":{"start":{"line":6,"column":49},"end":{"line":23,"column":5}},"locations":[{"start":{"line":6,"column":49},"end":{"line":23,"column":5}}]},"3":{"type":"branch","line":25,"loc":{"start":{"line":25,"column":48},"end":{"line":42,"column":5}},"locations":[{"start":{"line":25,"column":48},"end":{"line":42,"column":5}}]},"4":{"type":"branch","line":44,"loc":{"start":{"line":44,"column":48},"end":{"line":56,"column":5}},"locations":[{"start":{"line":44,"column":48},"end":{"line":56,"column":5}}]},"5":{"type":"branch","line":58,"loc":{"start":{"line":58,"column":46},"end":{"line":69,"column":5}},"locations":[{"start":{"line":58,"column":46},"end":{"line":69,"column":5}}]},"6":{"type":"branch","line":71,"loc":{"start":{"line":71,"column":37},"end":{"line":81,"column":5}},"locations":[{"start":{"line":71,"column":37},"end":{"line":81,"column":5}}]},"7":{"type":"branch","line":83,"loc":{"start":{"line":83,"column":44},"end":{"line":93,"column":5}},"locations":[{"start":{"line":83,"column":44},"end":{"line":93,"column":5}}]},"8":{"type":"branch","line":100,"loc":{"start":{"line":100,"column":49},"end":{"line":111,"column":5}},"locations":[{"start":{"line":100,"column":49},"end":{"line":111,"column":5}}]},"9":{"type":"branch","line":114,"loc":{"start":{"line":114,"column":46},"end":{"line":195,"column":3}},"locations":[{"start":{"line":114,"column":46},"end":{"line":195,"column":3}}]},"10":{"type":"branch","line":115,"loc":{"start":{"line":115,"column":45},"end":{"line":119,"column":5}},"locations":[{"start":{"line":115,"column":45},"end":{"line":119,"column":5}}]},"11":{"type":"branch","line":116,"loc":{"start":{"line":116,"column":13},"end":{"line":116,"column":61}},"locations":[{"start":{"line":116,"column":13},"end":{"line":116,"column":61}}]},"12":{"type":"branch","line":121,"loc":{"start":{"line":121,"column":54},"end":{"line":125,"column":5}},"locations":[{"start":{"line":121,"column":54},"end":{"line":125,"column":5}}]},"13":{"type":"branch","line":122,"loc":{"start":{"line":122,"column":13},"end":{"line":122,"column":66}},"locations":[{"start":{"line":122,"column":13},"end":{"line":122,"column":66}}]},"14":{"type":"branch","line":127,"loc":{"start":{"line":127,"column":43},"end":{"line":137,"column":5}},"locations":[{"start":{"line":127,"column":43},"end":{"line":137,"column":5}}]},"15":{"type":"branch","line":134,"loc":{"start":{"line":134,"column":13},"end":{"line":134,"column":58}},"locations":[{"start":{"line":134,"column":13},"end":{"line":134,"column":58}}]},"16":{"type":"branch","line":139,"loc":{"start":{"line":139,"column":45},"end":{"line":148,"column":5}},"locations":[{"start":{"line":139,"column":45},"end":{"line":148,"column":5}}]},"17":{"type":"branch","line":145,"loc":{"start":{"line":145,"column":13},"end":{"line":145,"column":58}},"locations":[{"start":{"line":145,"column":13},"end":{"line":145,"column":58}}]},"18":{"type":"branch","line":150,"loc":{"start":{"line":150,"column":44},"end":{"line":159,"column":5}},"locations":[{"start":{"line":150,"column":44},"end":{"line":159,"column":5}}]},"19":{"type":"branch","line":156,"loc":{"start":{"line":156,"column":13},"end":{"line":156,"column":58}},"locations":[{"start":{"line":156,"column":13},"end":{"line":156,"column":58}}]},"20":{"type":"branch","line":161,"loc":{"start":{"line":161,"column":49},"end":{"line":171,"column":5}},"locations":[{"start":{"line":161,"column":49},"end":{"line":171,"column":5}}]},"21":{"type":"branch","line":168,"loc":{"start":{"line":168,"column":13},"end":{"line":168,"column":58}},"locations":[{"start":{"line":168,"column":13},"end":{"line":168,"column":58}}]},"22":{"type":"branch","line":173,"loc":{"start":{"line":173,"column":49},"end":{"line":182,"column":5}},"locations":[{"start":{"line":173,"column":49},"end":{"line":182,"column":5}}]},"23":{"type":"branch","line":179,"loc":{"start":{"line":179,"column":13},"end":{"line":179,"column":58}},"locations":[{"start":{"line":179,"column":13},"end":{"line":179,"column":58}}]},"24":{"type":"branch","line":184,"loc":{"start":{"line":184,"column":44},"end":{"line":194,"column":5}},"locations":[{"start":{"line":184,"column":44},"end":{"line":194,"column":5}}]},"25":{"type":"branch","line":191,"loc":{"start":{"line":191,"column":13},"end":{"line":191,"column":58}},"locations":[{"start":{"line":191,"column":13},"end":{"line":191,"column":58}}]},"26":{"type":"branch","line":197,"loc":{"start":{"line":197,"column":51},"end":{"line":293,"column":3}},"locations":[{"start":{"line":197,"column":51},"end":{"line":293,"column":3}}]},"27":{"type":"branch","line":198,"loc":{"start":{"line":198,"column":51},"end":{"line":208,"column":5}},"locations":[{"start":{"line":198,"column":51},"end":{"line":208,"column":5}}]},"28":{"type":"branch","line":205,"loc":{"start":{"line":205,"column":13},"end":{"line":205,"column":58}},"locations":[{"start":{"line":205,"column":13},"end":{"line":205,"column":58}}]},"29":{"type":"branch","line":210,"loc":{"start":{"line":210,"column":56},"end":{"line":220,"column":5}},"locations":[{"start":{"line":210,"column":56},"end":{"line":220,"column":5}}]},"30":{"type":"branch","line":217,"loc":{"start":{"line":217,"column":13},"end":{"line":217,"column":58}},"locations":[{"start":{"line":217,"column":13},"end":{"line":217,"column":58}}]},"31":{"type":"branch","line":222,"loc":{"start":{"line":222,"column":57},"end":{"line":232,"column":5}},"locations":[{"start":{"line":222,"column":57},"end":{"line":232,"column":5}}]},"32":{"type":"branch","line":229,"loc":{"start":{"line":229,"column":13},"end":{"line":229,"column":58}},"locations":[{"start":{"line":229,"column":13},"end":{"line":229,"column":58}}]},"33":{"type":"branch","line":234,"loc":{"start":{"line":234,"column":52},"end":{"line":244,"column":5}},"locations":[{"start":{"line":234,"column":52},"end":{"line":244,"column":5}}]},"34":{"type":"branch","line":241,"loc":{"start":{"line":241,"column":13},"end":{"line":241,"column":58}},"locations":[{"start":{"line":241,"column":13},"end":{"line":241,"column":58}}]},"35":{"type":"branch","line":246,"loc":{"start":{"line":246,"column":62},"end":{"line":256,"column":5}},"locations":[{"start":{"line":246,"column":62},"end":{"line":256,"column":5}}]},"36":{"type":"branch","line":253,"loc":{"start":{"line":253,"column":13},"end":{"line":253,"column":58}},"locations":[{"start":{"line":253,"column":13},"end":{"line":253,"column":58}}]},"37":{"type":"branch","line":258,"loc":{"start":{"line":258,"column":66},"end":{"line":268,"column":5}},"locations":[{"start":{"line":258,"column":66},"end":{"line":268,"column":5}}]},"38":{"type":"branch","line":265,"loc":{"start":{"line":265,"column":13},"end":{"line":265,"column":58}},"locations":[{"start":{"line":265,"column":13},"end":{"line":265,"column":58}}]},"39":{"type":"branch","line":270,"loc":{"start":{"line":270,"column":75},"end":{"line":280,"column":5}},"locations":[{"start":{"line":270,"column":75},"end":{"line":280,"column":5}}]},"40":{"type":"branch","line":277,"loc":{"start":{"line":277,"column":13},"end":{"line":277,"column":58}},"locations":[{"start":{"line":277,"column":13},"end":{"line":277,"column":58}}]},"41":{"type":"branch","line":282,"loc":{"start":{"line":282,"column":55},"end":{"line":292,"column":5}},"locations":[{"start":{"line":282,"column":55},"end":{"line":292,"column":5}}]},"42":{"type":"branch","line":289,"loc":{"start":{"line":289,"column":13},"end":{"line":289,"column":58}},"locations":[{"start":{"line":289,"column":13},"end":{"line":289,"column":58}}]},"43":{"type":"branch","line":295,"loc":{"start":{"line":295,"column":46},"end":{"line":319,"column":3}},"locations":[{"start":{"line":295,"column":46},"end":{"line":319,"column":3}}]},"44":{"type":"branch","line":296,"loc":{"start":{"line":296,"column":50},"end":{"line":306,"column":5}},"locations":[{"start":{"line":296,"column":50},"end":{"line":306,"column":5}}]},"45":{"type":"branch","line":308,"loc":{"start":{"line":308,"column":49},"end":{"line":318,"column":5}},"locations":[{"start":{"line":308,"column":49},"end":{"line":318,"column":5}}]},"46":{"type":"branch","line":321,"loc":{"start":{"line":321,"column":30},"end":{"line":357,"column":3}},"locations":[{"start":{"line":321,"column":30},"end":{"line":357,"column":3}}]},"47":{"type":"branch","line":322,"loc":{"start":{"line":322,"column":50},"end":{"line":332,"column":5}},"locations":[{"start":{"line":322,"column":50},"end":{"line":332,"column":5}}]},"48":{"type":"branch","line":334,"loc":{"start":{"line":334,"column":50},"end":{"line":344,"column":5}},"locations":[{"start":{"line":334,"column":50},"end":{"line":344,"column":5}}]},"49":{"type":"branch","line":346,"loc":{"start":{"line":346,"column":38},"end":{"line":356,"column":5}},"locations":[{"start":{"line":346,"column":38},"end":{"line":356,"column":5}}]},"50":{"type":"branch","line":359,"loc":{"start":{"line":359,"column":33},"end":{"line":387,"column":3}},"locations":[{"start":{"line":359,"column":33},"end":{"line":387,"column":3}}]},"51":{"type":"branch","line":360,"loc":{"start":{"line":360,"column":52},"end":{"line":370,"column":5}},"locations":[{"start":{"line":360,"column":52},"end":{"line":370,"column":5}}]},"52":{"type":"branch","line":372,"loc":{"start":{"line":372,"column":67},"end":{"line":386,"column":5}},"locations":[{"start":{"line":372,"column":67},"end":{"line":386,"column":5}}]}},"b":{"0":[1],"1":[1],"2":[1],"3":[1],"4":[1],"5":[1],"6":[1],"7":[1],"8":[4],"9":[1],"10":[1],"11":[1],"12":[1],"13":[1],"14":[1],"15":[1],"16":[1],"17":[1],"18":[1],"19":[1],"20":[1],"21":[1],"22":[1],"23":[1],"24":[1],"25":[1],"26":[1],"27":[1],"28":[1],"29":[1],"30":[1],"31":[1],"32":[1],"33":[1],"34":[1],"35":[1],"36":[1],"37":[1],"38":[1],"39":[1],"40":[1],"41":[1],"42":[1],"43":[1],"44":[1],"45":[1],"46":[1],"47":[1],"48":[1],"49":[1],"50":[1],"51":[1],"52":[1]},"fnMap":{},"f":{}}
,"/Users/f/pjs/vision-next/packages/wallets/src/modules/assets/external/common/parse-private-api-balance.ts": {"path":"/Users/f/pjs/vision-next/packages/wallets/src/modules/assets/external/common/parse-private-api-balance.ts","all":false,"statementMap":{"24":{"start":{"line":25,"column":0},"end":{"line":25,"column":61}},"25":{"start":{"line":26,"column":0},"end":{"line":26,"column":36}},"26":{"start":{"line":27,"column":0},"end":{"line":27,"column":36}},"27":{"start":{"line":28,"column":0},"end":{"line":28,"column":75}},"28":{"start":{"line":29,"column":0},"end":{"line":29,"column":5}},"30":{"start":{"line":31,"column":0},"end":{"line":31,"column":42}},"31":{"start":{"line":32,"column":0},"end":{"line":32,"column":3}},"33":{"start":{"line":34,"column":0},"end":{"line":34,"column":36}},"34":{"start":{"line":35,"column":0},"end":{"line":35,"column":35}},"36":{"start":{"line":37,"column":0},"end":{"line":37,"column":25}},"37":{"start":{"line":38,"column":0},"end":{"line":38,"column":70}},"38":{"start":{"line":39,"column":0},"end":{"line":39,"column":5}},"40":{"start":{"line":41,"column":0},"end":{"line":41,"column":19}},"41":{"start":{"line":42,"column":0},"end":{"line":42,"column":3}},"43":{"start":{"line":44,"column":0},"end":{"line":44,"column":74}},"44":{"start":{"line":45,"column":0},"end":{"line":45,"column":1}},"46":{"start":{"line":47,"column":0},"end":{"line":47,"column":39}},"47":{"start":{"line":48,"column":0},"end":{"line":48,"column":36}},"48":{"start":{"line":49,"column":0},"end":{"line":49,"column":23}},"49":{"start":{"line":50,"column":0},"end":{"line":50,"column":26}},"50":{"start":{"line":51,"column":0},"end":{"line":51,"column":46}},"51":{"start":{"line":52,"column":0},"end":{"line":52,"column":67}},"52":{"start":{"line":53,"column":0},"end":{"line":53,"column":3}},"54":{"start":{"line":55,"column":0},"end":{"line":55,"column":55}},"56":{"start":{"line":57,"column":0},"end":{"line":57,"column":61}},"57":{"start":{"line":58,"column":0},"end":{"line":58,"column":72}},"58":{"start":{"line":59,"column":0},"end":{"line":59,"column":3}},"60":{"start":{"line":61,"column":0},"end":{"line":61,"column":54}},"61":{"start":{"line":62,"column":0},"end":{"line":62,"column":72}},"62":{"start":{"line":63,"column":0},"end":{"line":63,"column":3}},"64":{"start":{"line":65,"column":0},"end":{"line":65,"column":50}},"65":{"start":{"line":66,"column":0},"end":{"line":66,"column":75}},"66":{"start":{"line":67,"column":0},"end":{"line":67,"column":3}},"68":{"start":{"line":69,"column":0},"end":{"line":69,"column":50}},"70":{"start":{"line":71,"column":0},"end":{"line":71,"column":28}},"72":{"start":{"line":73,"column":0},"end":{"line":73,"column":7}},"73":{"start":{"line":74,"column":0},"end":{"line":74,"column":42}},"74":{"start":{"line":75,"column":0},"end":{"line":75,"column":19}},"75":{"start":{"line":76,"column":0},"end":{"line":76,"column":77}},"76":{"start":{"line":77,"column":0},"end":{"line":77,"column":3}},"78":{"start":{"line":79,"column":0},"end":{"line":79,"column":10}},"79":{"start":{"line":80,"column":0},"end":{"line":80,"column":10}},"80":{"start":{"line":81,"column":0},"end":{"line":81,"column":9}},"81":{"start":{"line":82,"column":0},"end":{"line":82,"column":8}},"82":{"start":{"line":83,"column":0},"end":{"line":83,"column":11}},"83":{"start":{"line":84,"column":0},"end":{"line":84,"column":75}},"84":{"start":{"line":85,"column":0},"end":{"line":85,"column":18}},"85":{"start":{"line":86,"column":0},"end":{"line":86,"column":18}},"86":{"start":{"line":87,"column":0},"end":{"line":87,"column":4}},"87":{"start":{"line":88,"column":0},"end":{"line":88,"column":1}}},"s":{"24":25,"25":25,"26":15,"27":3,"28":3,"30":12,"31":12,"33":25,"34":9,"36":9,"37":2,"38":2,"40":7,"41":7,"43":1,"44":1,"46":1,"47":33,"48":33,"49":33,"50":33,"51":2,"52":2,"54":31,"56":33,"57":2,"58":2,"60":33,"61":2,"62":2,"64":33,"65":2,"66":2,"68":25,"70":25,"72":25,"73":25,"74":33,"75":2,"76":2,"78":17,"79":17,"80":17,"81":17,"82":17,"83":33,"84":33,"85":33,"86":33,"87":33},"branchMap":{"0":{"type":"branch","line":25,"loc":{"start":{"line":25,"column":0},"end":{"line":45,"column":1}},"locations":[{"start":{"line":25,"column":0},"end":{"line":45,"column":1}}]},"1":{"type":"branch","line":26,"loc":{"start":{"line":26,"column":35},"end":{"line":32,"column":3}},"locations":[{"start":{"line":26,"column":35},"end":{"line":32,"column":3}}]},"2":{"type":"branch","line":27,"loc":{"start":{"line":27,"column":35},"end":{"line":29,"column":5}},"locations":[{"start":{"line":27,"column":35},"end":{"line":29,"column":5}}]},"3":{"type":"branch","line":29,"loc":{"start":{"line":29,"column":4},"end":{"line":32,"column":3}},"locations":[{"start":{"line":29,"column":4},"end":{"line":32,"column":3}}]},"4":{"type":"branch","line":32,"loc":{"start":{"line":32,"column":2},"end":{"line":34,"column":35}},"locations":[{"start":{"line":32,"column":2},"end":{"line":34,"column":35}}]},"5":{"type":"branch","line":34,"loc":{"start":{"line":34,"column":35},"end":{"line":42,"column":3}},"locations":[{"start":{"line":34,"column":35},"end":{"line":42,"column":3}}]},"6":{"type":"branch","line":37,"loc":{"start":{"line":37,"column":24},"end":{"line":39,"column":5}},"locations":[{"start":{"line":37,"column":24},"end":{"line":39,"column":5}}]},"7":{"type":"branch","line":39,"loc":{"start":{"line":39,"column":4},"end":{"line":42,"column":3}},"locations":[{"start":{"line":39,"column":4},"end":{"line":42,"column":3}}]},"8":{"type":"branch","line":42,"loc":{"start":{"line":42,"column":2},"end":{"line":45,"column":1}},"locations":[{"start":{"line":42,"column":2},"end":{"line":45,"column":1}}]},"9":{"type":"branch","line":47,"loc":{"start":{"line":47,"column":7},"end":{"line":88,"column":1}},"locations":[{"start":{"line":47,"column":7},"end":{"line":88,"column":1}}]},"10":{"type":"branch","line":51,"loc":{"start":{"line":51,"column":7},"end":{"line":51,"column":45}},"locations":[{"start":{"line":51,"column":7},"end":{"line":51,"column":45}}]},"11":{"type":"branch","line":51,"loc":{"start":{"line":51,"column":45},"end":{"line":53,"column":3}},"locations":[{"start":{"line":51,"column":45},"end":{"line":53,"column":3}}]},"12":{"type":"branch","line":53,"loc":{"start":{"line":53,"column":2},"end":{"line":57,"column":35}},"locations":[{"start":{"line":53,"column":2},"end":{"line":57,"column":35}}]},"13":{"type":"branch","line":57,"loc":{"start":{"line":57,"column":23},"end":{"line":57,"column":60}},"locations":[{"start":{"line":57,"column":23},"end":{"line":57,"column":60}}]},"14":{"type":"branch","line":57,"loc":{"start":{"line":57,"column":60},"end":{"line":59,"column":3}},"locations":[{"start":{"line":57,"column":60},"end":{"line":59,"column":3}}]},"15":{"type":"branch","line":59,"loc":{"start":{"line":59,"column":2},"end":{"line":61,"column":34}},"locations":[{"start":{"line":59,"column":2},"end":{"line":61,"column":34}}]},"16":{"type":"branch","line":61,"loc":{"start":{"line":61,"column":22},"end":{"line":61,"column":53}},"locations":[{"start":{"line":61,"column":22},"end":{"line":61,"column":53}}]},"17":{"type":"branch","line":61,"loc":{"start":{"line":61,"column":53},"end":{"line":63,"column":3}},"locations":[{"start":{"line":61,"column":53},"end":{"line":63,"column":3}}]},"18":{"type":"branch","line":63,"loc":{"start":{"line":63,"column":2},"end":{"line":65,"column":31}},"locations":[{"start":{"line":63,"column":2},"end":{"line":65,"column":31}}]},"19":{"type":"branch","line":65,"loc":{"start":{"line":65,"column":18},"end":{"line":65,"column":49}},"locations":[{"start":{"line":65,"column":18},"end":{"line":65,"column":49}}]},"20":{"type":"branch","line":65,"loc":{"start":{"line":65,"column":49},"end":{"line":67,"column":3}},"locations":[{"start":{"line":65,"column":49},"end":{"line":67,"column":3}}]},"21":{"type":"branch","line":67,"loc":{"start":{"line":67,"column":2},"end":{"line":75,"column":11}},"locations":[{"start":{"line":67,"column":2},"end":{"line":75,"column":11}}]},"22":{"type":"branch","line":75,"loc":{"start":{"line":75,"column":2},"end":{"line":77,"column":3}},"locations":[{"start":{"line":75,"column":2},"end":{"line":77,"column":3}}]},"23":{"type":"branch","line":77,"loc":{"start":{"line":77,"column":2},"end":{"line":84,"column":36}},"locations":[{"start":{"line":77,"column":2},"end":{"line":84,"column":36}}]},"24":{"type":"branch","line":84,"loc":{"start":{"line":84,"column":24},"end":{"line":84,"column":56}},"locations":[{"start":{"line":84,"column":24},"end":{"line":84,"column":56}}]},"25":{"type":"branch","line":84,"loc":{"start":{"line":84,"column":52},"end":{"line":84,"column":65}},"locations":[{"start":{"line":84,"column":52},"end":{"line":84,"column":65}}]},"26":{"type":"branch","line":84,"loc":{"start":{"line":84,"column":56},"end":{"line":84,"column":75}},"locations":[{"start":{"line":84,"column":56},"end":{"line":84,"column":75}}]}},"b":{"0":[25],"1":[15],"2":[3],"3":[12],"4":[10],"5":[9],"6":[2],"7":[7],"8":[1],"9":[33],"10":[32],"11":[2],"12":[31],"13":[30],"14":[2],"15":[29],"16":[28],"17":[2],"18":[27],"19":[26],"20":[2],"21":[25],"22":[2],"23":[17],"24":[5],"25":[4],"26":[13]},"fnMap":{"0":{"name":"normalizeBalance","decl":{"start":{"line":25,"column":0},"end":{"line":45,"column":1}},"loc":{"start":{"line":25,"column":0},"end":{"line":45,"column":1}},"line":25},"1":{"name":"parsePrivateApiBalance","decl":{"start":{"line":47,"column":7},"end":{"line":88,"column":1}},"loc":{"start":{"line":47,"column":7},"end":{"line":88,"column":1}},"line":47}},"f":{"0":25,"1":33}}
,"/Users/f/pjs/vision-next/packages/wallets/src/modules/assets/external/eth/get-eth-asset-balance-query-options.ts": {"path":"/Users/f/pjs/vision-next/packages/wallets/src/modules/assets/external/eth/get-eth-asset-balance-query-options.ts","all":true,"statementMap":{"0":{"start":{"line":1,"column":0},"end":{"line":1,"column":37}},"4":{"start":{"line":5,"column":0},"end":{"line":5,"column":65}},"5":{"start":{"line":6,"column":0},"end":{"line":6,"column":23}},"6":{"start":{"line":7,"column":0},"end":{"line":7,"column":52}},"7":{"start":{"line":8,"column":0},"end":{"line":8,"column":26}},"8":{"start":{"line":9,"column":0},"end":{"line":9,"column":93}},"9":{"start":{"line":10,"column":0},"end":{"line":10,"column":15}},"10":{"start":{"line":11,"column":0},"end":{"line":11,"column":10}},"12":{"start":{"line":13,"column":0},"end":{"line":13,"column":11}},"13":{"start":{"line":14,"column":0},"end":{"line":14,"column":46}},"14":{"start":{"line":15,"column":0},"end":{"line":15,"column":27}},"15":{"start":{"line":16,"column":0},"end":{"line":16,"column":73}},"16":{"start":{"line":17,"column":0},"end":{"line":17,"column":9}},"17":{"start":{"line":18,"column":0},"end":{"line":18,"column":68}},"18":{"start":{"line":19,"column":0},"end":{"line":19,"column":25}},"19":{"start":{"line":20,"column":0},"end":{"line":20,"column":23}},"20":{"start":{"line":21,"column":0},"end":{"line":21,"column":29}},"22":{"start":{"line":23,"column":0},"end":{"line":23,"column":67}},"23":{"start":{"line":24,"column":0},"end":{"line":24,"column":68}},"24":{"start":{"line":25,"column":0},"end":{"line":25,"column":25}},"25":{"start":{"line":26,"column":0},"end":{"line":26,"column":7}},"26":{"start":{"line":27,"column":0},"end":{"line":27,"column":6}},"27":{"start":{"line":28,"column":0},"end":{"line":28,"column":5}},"28":{"start":{"line":29,"column":0},"end":{"line":29,"column":1}}},"s":{"0":0,"4":0,"5":0,"6":0,"7":0,"8":0,"9":0,"10":0,"12":0,"13":0,"14":0,"15":0,"16":0,"17":0,"18":0,"19":0,"20":0,"22":0,"23":0,"24":0,"25":0,"26":0,"27":0,"28":0},"branchMap":{"0":{"type":"branch","line":1,"loc":{"start":{"line":1,"column":0},"end":{"line":29,"column":-295}},"locations":[{"start":{"line":1,"column":0},"end":{"line":29,"column":-295}}]}},"b":{"0":[0]},"fnMap":{"0":{"name":"(empty-report)","decl":{"start":{"line":1,"column":0},"end":{"line":29,"column":-295}},"loc":{"start":{"line":1,"column":0},"end":{"line":29,"column":-295}},"line":1}},"f":{"0":0}}
,"/Users/f/pjs/vision-next/packages/wallets/src/modules/assets/external/eth/get-eth-asset-general-info-query-options.ts": {"path":"/Users/f/pjs/vision-next/packages/wallets/src/modules/assets/external/eth/get-eth-asset-general-info-query-options.ts","all":true,"statementMap":{"0":{"start":{"line":1,"column":0},"end":{"line":1,"column":53}},"7":{"start":{"line":8,"column":0},"end":{"line":8,"column":70}},"8":{"start":{"line":9,"column":0},"end":{"line":9,"column":23}},"9":{"start":{"line":10,"column":0},"end":{"line":10,"column":58}},"10":{"start":{"line":11,"column":0},"end":{"line":11,"column":21}},"11":{"start":{"line":12,"column":0},"end":{"line":12,"column":27}},"12":{"start":{"line":13,"column":0},"end":{"line":13,"column":26}},"13":{"start":{"line":14,"column":0},"end":{"line":14,"column":67}},"15":{"start":{"line":16,"column":0},"end":{"line":16,"column":42}},"16":{"start":{"line":17,"column":0},"end":{"line":17,"column":47}},"17":{"start":{"line":18,"column":0},"end":{"line":18,"column":8}},"18":{"start":{"line":19,"column":0},"end":{"line":19,"column":28}},"19":{"start":{"line":20,"column":0},"end":{"line":20,"column":49}},"20":{"start":{"line":21,"column":0},"end":{"line":21,"column":58}},"21":{"start":{"line":22,"column":0},"end":{"line":22,"column":23}},"23":{"start":{"line":24,"column":0},"end":{"line":24,"column":45}},"24":{"start":{"line":25,"column":0},"end":{"line":25,"column":40}},"25":{"start":{"line":26,"column":0},"end":{"line":26,"column":8}},"26":{"start":{"line":27,"column":0},"end":{"line":27,"column":19}},"27":{"start":{"line":28,"column":0},"end":{"line":28,"column":48}},"28":{"start":{"line":29,"column":0},"end":{"line":29,"column":51}},"29":{"start":{"line":30,"column":0},"end":{"line":30,"column":15}},"31":{"start":{"line":32,"column":0},"end":{"line":32,"column":14}},"32":{"start":{"line":33,"column":0},"end":{"line":33,"column":20}},"33":{"start":{"line":34,"column":0},"end":{"line":34,"column":26}},"34":{"start":{"line":35,"column":0},"end":{"line":35,"column":14}},"35":{"start":{"line":36,"column":0},"end":{"line":36,"column":23}},"36":{"start":{"line":37,"column":0},"end":{"line":37,"column":35}},"37":{"start":{"line":38,"column":0},"end":{"line":38,"column":6}},"38":{"start":{"line":39,"column":0},"end":{"line":39,"column":5}},"39":{"start":{"line":40,"column":0},"end":{"line":40,"column":1}}},"s":{"0":0,"7":0,"8":0,"9":0,"10":0,"11":0,"12":0,"13":0,"15":0,"16":0,"17":0,"18":0,"19":0,"20":0,"21":0,"23":0,"24":0,"25":0,"26":0,"27":0,"28":0,"29":0,"31":0,"32":0,"33":0,"34":0,"35":0,"36":0,"37":0,"38":0,"39":0},"branchMap":{"0":{"type":"branch","line":1,"loc":{"start":{"line":1,"column":0},"end":{"line":40,"column":-470}},"locations":[{"start":{"line":1,"column":0},"end":{"line":40,"column":-470}}]}},"b":{"0":[0]},"fnMap":{"0":{"name":"(empty-report)","decl":{"start":{"line":1,"column":0},"end":{"line":40,"column":-470}},"loc":{"start":{"line":1,"column":0},"end":{"line":40,"column":-470}},"line":1}},"f":{"0":0}}
,"/Users/f/pjs/vision-next/packages/wallets/src/modules/assets/external/eth/index.ts": {"path":"/Users/f/pjs/vision-next/packages/wallets/src/modules/assets/external/eth/index.ts","all":true,"statementMap":{"0":{"start":{"line":1,"column":0},"end":{"line":1,"column":59}},"1":{"start":{"line":2,"column":0},"end":{"line":2,"column":54}}},"s":{"0":0,"1":0},"branchMap":{"0":{"type":"branch","line":1,"loc":{"start":{"line":1,"column":0},"end":{"line":2,"column":-46}},"locations":[{"start":{"line":1,"column":0},"end":{"line":2,"column":-46}}]}},"b":{"0":[0]},"fnMap":{"0":{"name":"(empty-report)","decl":{"start":{"line":1,"column":0},"end":{"line":2,"column":-46}},"loc":{"start":{"line":1,"column":0},"end":{"line":2,"column":-46}},"line":1}},"f":{"0":0}}
[...]
":{"line":150,"column":0},"end":{"line":150,"column":50}},"150":{"start":{"line":151,"column":0},"end":{"line":151,"column":38}},"151":{"start":{"line":152,"column":0},"end":{"line":152,"column":6}},"153":{"start":{"line":154,"column":0},"end":{"line":154,"column":69}},"154":{"start":{"line":155,"column":0},"end":{"line":155,"column":22}},"155":{"start":{"line":156,"column":0},"end":{"line":156,"column":197}},"156":{"start":{"line":157,"column":0},"end":{"line":157,"column":50}},"157":{"start":{"line":158,"column":0},"end":{"line":158,"column":38}},"158":{"start":{"line":159,"column":0},"end":{"line":159,"column":6}},"160":{"start":{"line":161,"column":0},"end":{"line":161,"column":70}},"161":{"start":{"line":162,"column":0},"end":{"line":162,"column":25}},"162":{"start":{"line":163,"column":0},"end":{"line":163,"column":114}},"163":{"start":{"line":164,"column":0},"end":{"line":164,"column":94}},"164":{"start":{"line":165,"column":0},"end":{"line":165,"column":98}},"165":{"start":{"line":166,"column":0},"end":{"line":166,"column":7}},"167":{"start":{"line":168,"column":0},"end":{"line":168,"column":41}},"168":{"start":{"line":169,"column":0},"end":{"line":169,"column":60}},"169":{"start":{"line":170,"column":0},"end":{"line":170,"column":14}},"170":{"start":{"line":171,"column":0},"end":{"line":171,"column":40}},"171":{"start":{"line":172,"column":0},"end":{"line":172,"column":10}},"172":{"start":{"line":173,"column":0},"end":{"line":173,"column":7}},"174":{"start":{"line":175,"column":0},"end":{"line":175,"column":39}},"175":{"start":{"line":176,"column":0},"end":{"line":176,"column":6}},"176":{"start":{"line":177,"column":0},"end":{"line":177,"column":4}},"177":{"start":{"line":178,"column":0},"end":{"line":178,"column":2}}},"s":{"0":1,"1":1,"3":1,"4":1,"5":1,"6":1,"7":1,"9":1,"10":1,"11":1,"12":1,"13":1,"14":1,"16":1,"17":1,"18":1,"19":1,"21":1,"22":1,"23":1,"24":1,"25":1,"26":1,"28":1,"29":1,"31":1,"32":1,"34":1,"35":1,"37":1,"38":1,"39":1,"41":1,"42":1,"44":1,"45":1,"46":1,"48":1,"49":1,"50":1,"51":1,"54":1,"55":1,"57":1,"58":1,"59":1,"62":1,"63":1,"65":1,"66":1,"67":1,"68":1,"70":1,"71":1,"74":1,"75":1,"76":1,"77":1,"79":1,"80":1,"81":1,"82":1,"83":1,"84":1,"85":3,"87":3,"88":3,"89":3,"90":1,"91":1,"93":1,"94":1,"95":1,"96":1,"98":1,"99":1,"102":1,"103":1,"104":1,"105":1,"106":1,"108":1,"109":1,"111":1,"112":1,"113":1,"114":1,"116":1,"117":1,"119":1,"120":1,"121":1,"122":1,"124":1,"125":1,"127":1,"128":1,"129":1,"130":1,"131":1,"133":1,"134":1,"135":1,"137":1,"139":1,"140":1,"141":5,"142":1,"143":1,"144":1,"146":1,"147":1,"148":1,"149":1,"150":1,"151":1,"153":1,"154":1,"155":1,"156":1,"157":1,"158":1,"160":1,"161":1,"162":1,"163":1,"164":1,"165":1,"167":1,"168":1,"169":3,"170":3,"171":1,"172":1,"174":1,"175":1,"176":1,"177":1},"branchMap":{"0":{"type":"branch","line":4,"loc":{"start":{"line":4,"column":32},"end":{"line":178,"column":2}},"locations":[{"start":{"line":4,"column":32},"end":{"line":178,"column":2}}]},"1":{"type":"branch","line":5,"loc":{"start":{"line":5,"column":30},"end":{"line":47,"column":3}},"locations":[{"start":{"line":5,"column":30},"end":{"line":47,"column":3}}]},"2":{"type":"branch","line":6,"loc":{"start":{"line":6,"column":54},"end":{"line":15,"column":5}},"locations":[{"start":{"line":6,"column":54},"end":{"line":15,"column":5}}]},"3":{"type":"branch","line":17,"loc":{"start":{"line":17,"column":54},"end":{"line":27,"column":5}},"locations":[{"start":{"line":17,"column":54},"end":{"line":27,"column":5}}]},"4":{"type":"branch","line":29,"loc":{"start":{"line":29,"column":62},"end":{"line":36,"column":5}},"locations":[{"start":{"line":29,"column":62},"end":{"line":36,"column":5}}]},"5":{"type":"branch","line":38,"loc":{"start":{"line":38,"column":65},"end":{"line":46,"column":5}},"locations":[{"start":{"line":38,"column":65},"end":{"line":46,"column":5}}]},"6":{"type":"branch","line":49,"loc":{"start":{"line":49,"column":26},"end":{"line":78,"column":3}},"locations":[{"start":{"line":49,"column":26},"end":{"line":78,"column":3}}]},"7":{"type":"branch","line":50,"loc":{"start":{"line":50,"column":43},"end":{"line":56,"column":5}},"locations":[{"start":{"line":50,"column":43},"end":{"line":56,"column":5}}]},"8":{"type":"branch","line":58,"loc":{"start":{"line":58,"column":77},"end":{"line":64,"column":5}},"locations":[{"start":{"line":58,"column":77},"end":{"line":64,"column":5}}]},"9":{"type":"branch","line":66,"loc":{"start":{"line":66,"column":64},"end":{"line":77,"column":5}},"locations":[{"start":{"line":66,"column":64},"end":{"line":77,"column":5}}]},"10":{"type":"branch","line":80,"loc":{"start":{"line":80,"column":32},"end":{"line":92,"column":3}},"locations":[{"start":{"line":80,"column":32},"end":{"line":92,"column":3}}]},"11":{"type":"branch","line":85,"loc":{"start":{"line":85,"column":45},"end":{"line":91,"column":5}},"locations":[{"start":{"line":85,"column":45},"end":{"line":91,"column":5}}]},"12":{"type":"branch","line":94,"loc":{"start":{"line":94,"column":25},"end":{"line":132,"column":3}},"locations":[{"start":{"line":94,"column":25},"end":{"line":132,"column":3}}]},"13":{"type":"branch","line":95,"loc":{"start":{"line":95,"column":55},"end":{"line":107,"column":5}},"locations":[{"start":{"line":95,"column":55},"end":{"line":107,"column":5}}]},"14":{"type":"branch","line":109,"loc":{"start":{"line":109,"column":41},"end":{"line":115,"column":5}},"locations":[{"start":{"line":109,"column":41},"end":{"line":115,"column":5}}]},"15":{"type":"branch","line":117,"loc":{"start":{"line":117,"column":41},"end":{"line":123,"column":5}},"locations":[{"start":{"line":117,"column":41},"end":{"line":123,"column":5}}]},"16":{"type":"branch","line":125,"loc":{"start":{"line":125,"column":41},"end":{"line":131,"column":5}},"locations":[{"start":{"line":125,"column":41},"end":{"line":131,"column":5}}]},"17":{"type":"branch","line":134,"loc":{"start":{"line":134,"column":39},"end":{"line":145,"column":3}},"locations":[{"start":{"line":134,"column":39},"end":{"line":145,"column":3}}]},"18":{"type":"branch","line":135,"loc":{"start":{"line":135,"column":54},"end":{"line":144,"column":5}},"locations":[{"start":{"line":135,"column":54},"end":{"line":144,"column":5}}]},"19":{"type":"branch","line":138,"loc":{"start":{"line":138,"column":48},"end":{"line":138,"column":83}},"locations":[{"start":{"line":138,"column":48},"end":{"line":138,"column":83}}]},"20":{"type":"branch","line":141,"loc":{"start":{"line":141,"column":22},"end":{"line":143,"column":7}},"locations":[{"start":{"line":141,"column":22},"end":{"line":143,"column":7}}]},"21":{"type":"branch","line":147,"loc":{"start":{"line":147,"column":33},"end":{"line":177,"column":3}},"locations":[{"start":{"line":147,"column":33},"end":{"line":177,"column":3}}]},"22":{"type":"branch","line":148,"loc":{"start":{"line":148,"column":62},"end":{"line":152,"column":5}},"locations":[{"start":{"line":148,"column":62},"end":{"line":152,"column":5}}]},"23":{"type":"branch","line":154,"loc":{"start":{"line":154,"column":62},"end":{"line":159,"column":5}},"locations":[{"start":{"line":154,"column":62},"end":{"line":159,"column":5}}]},"24":{"type":"branch","line":161,"loc":{"start":{"line":161,"column":63},"end":{"line":176,"column":5}},"locations":[{"start":{"line":161,"column":63},"end":{"line":176,"column":5}}]},"25":{"type":"branch","line":169,"loc":{"start":{"line":169,"column":38},"end":{"line":172,"column":9}},"locations":[{"start":{"line":169,"column":38},"end":{"line":172,"column":9}}]}},"b":{"0":[1],"1":[1],"2":[1],"3":[1],"4":[1],"5":[1],"6":[1],"7":[1],"8":[1],"9":[1],"10":[1],"11":[3],"12":[1],"13":[1],"14":[1],"15":[1],"16":[1],"17":[1],"18":[1],"19":[5],"20":[5],"21":[1],"22":[1],"23":[1],"24":[1],"25":[3]},"fnMap":{},"f":{}}
,"/Users/f/pjs/vision-next/packages/wallets/src/modules/wallets/utils/mnemonic-to-seed-bip-39.ts": {"path":"/Users/f/pjs/vision-next/packages/wallets/src/modules/wallets/utils/mnemonic-to-seed-bip-39.ts","all":false,"statementMap":{"0":{"start":{"line":1,"column":0},"end":{"line":1,"column":43}},"2":{"start":{"line":3,"column":0},"end":{"line":3,"column":52}},"3":{"start":{"line":4,"column":0},"end":{"line":4,"column":51}},"4":{"start":{"line":5,"column":0},"end":{"line":5,"column":1}}},"s":{"0":1,"2":1,"3":28,"4":28},"branchMap":{"0":{"type":"branch","line":3,"loc":{"start":{"line":3,"column":7},"end":{"line":5,"column":1}},"locations":[{"start":{"line":3,"column":7},"end":{"line":5,"column":1}}]}},"b":{"0":[28]},"fnMap":{"0":{"name":"mnemonicToSeedBip39","decl":{"start":{"line":3,"column":7},"end":{"line":5,"column":1}},"loc":{"start":{"line":3,"column":7},"end":{"line":5,"column":1}},"line":3}},"f":{"0":28}}
,"/Users/f/pjs/vision-next/packages/wallets/src/modules/wallets/utils/sign-digest.ts": {"path":"/Users/f/pjs/vision-next/packages/wallets/src/modules/wallets/utils/sign-digest.ts","all":true,"statementMap":{"0":{"start":{"line":1,"column":0},"end":{"line":1,"column":43}},"8":{"start":{"line":9,"column":0},"end":{"line":9,"column":81}},"9":{"start":{"line":10,"column":0},"end":{"line":10,"column":48}},"10":{"start":{"line":11,"column":0},"end":{"line":11,"column":79}},"11":{"start":{"line":12,"column":0},"end":{"line":12,"column":34}},"12":{"start":{"line":13,"column":0},"end":{"line":13,"column":1}}},"s":{"0":0,"8":0,"9":0,"10":0,"11":0,"12":0},"branchMap":{"0":{"type":"branch","line":1,"loc":{"start":{"line":1,"column":490},"end":{"line":13,"column":1}},"locations":[{"start":{"line":1,"column":490},"end":{"line":13,"column":1}}]}},"b":{"0":[0]},"fnMap":{"0":{"name":"(empty-report)","decl":{"start":{"line":1,"column":490},"end":{"line":13,"column":1}},"loc":{"start":{"line":1,"column":490},"end":{"line":13,"column":1}},"line":1}},"f":{"0":0}}
,"/Users/f/pjs/vision-next/packages/wallets/src/modules/wallets/utils/sign-external-transaction.ts": {"path":"/Users/f/pjs/vision-next/packages/wallets/src/modules/wallets/utils/sign-external-transaction.ts","all":true,"statementMap":{"0":{"start":{"line":1,"column":0},"end":{"line":1,"column":37}},"11":{"start":{"line":12,"column":0},"end":{"line":12,"column":37}},"12":{"start":{"line":13,"column":0},"end":{"line":13,"column":33}},"13":{"start":{"line":14,"column":0},"end":{"line":14,"column":22}},"14":{"start":{"line":15,"column":0},"end":{"line":15,"column":3}},"15":{"start":{"line":16,"column":0},"end":{"line":16,"column":37}},"16":{"start":{"line":17,"column":0},"end":{"line":17,"column":55}},"17":{"start":{"line":18,"column":0},"end":{"line":18,"column":47}},"18":{"start":{"line":19,"column":0},"end":{"line":19,"column":1}},"28":{"start":{"line":29,"column":0},"end":{"line":29,"column":49}},"29":{"start":{"line":30,"column":0},"end":{"line":30,"column":33}},"30":{"start":{"line":31,"column":0},"end":{"line":31,"column":22}},"31":{"start":{"line":32,"column":0},"end":{"line":32,"column":3}},"32":{"start":{"line":33,"column":0},"end":{"line":33,"column":56}},"34":{"start":{"line":35,"column":0},"end":{"line":35,"column":21}},"35":{"start":{"line":36,"column":0},"end":{"line":36,"column":36}},"36":{"start":{"line":37,"column":0},"end":{"line":37,"column":63}},"37":{"start":{"line":38,"column":0},"end":{"line":38,"column":23}},"38":{"start":{"line":39,"column":0},"end":{"line":39,"column":28}},"39":{"start":{"line":40,"column":0},"end":{"line":40,"column":9}},"40":{"start":{"line":41,"column":0},"end":{"line":41,"column":55}},"41":{"start":{"line":42,"column":0},"end":{"line":42,"column":24}},"42":{"start":{"line":43,"column":0},"end":{"line":43,"column":5}},"43":{"start":{"line":44,"column":0},"end":{"line":44,"column":34}},"44":{"start":{"line":45,"column":0},"end":{"line":45,"column":36}},"45":{"start":{"line":46,"column":0},"end":{"line":46,"column":20}},"46":{"start":{"line":47,"column":0},"end":{"line":47,"column":45}},"47":{"start":{"line":48,"column":0},"end":{"line":48,"column":38}},"48":{"start":{"line":49,"column":0},"end":{"line":49,"column":47}},"49":{"start":{"line":50,"column":0},"end":{"line":50,"column":39}},"50":{"start":{"line":51,"column":0},"end":{"line":51,"column":23}},"51":{"start":{"line":52,"column":0},"end":{"line":52,"column":56}},"52":{"start":{"line":53,"column":0},"end":{"line":53,"column":30}},"53":{"start":{"line":54,"column":0},"end":{"line":54,"column":25}},"54":{"start":{"line":55,"column":0},"end":{"line":55,"column":16}},"55":{"start":{"line":56,"column":0},"end":{"line":56,"column":43}},"56":{"start":{"line":57,"column":0},"end":{"line":57,"column":27}},"57":{"start":{"line":58,"column":0},"end":{"line":58,"column":11}},"58":{"start":{"line":59,"column":0},"end":{"line":59,"column":9}},"59":{"start":{"line":60,"column":0},"end":{"line":60,"column":36}},"60":{"start":{"line":61,"column":0},"end":{"line":61,"column":58}},"61":{"start":{"line":62,"column":0},"end":{"line":62,"column":25}},"62":{"start":{"line":63,"column":0},"end":{"line":63,"column":5}},"63":{"start":{"line":64,"column":0},"end":{"line":64,"column":36}},"64":{"start":{"line":65,"column":0},"end":{"line":65,"column":30}},"65":{"start":{"line":66,"column":0},"end":{"line":66,"column":65}},"66":{"start":{"line":67,"column":0},"end":{"line":67,"column":9}},"67":{"start":{"line":68,"column":0},"end":{"line":68,"column":25}},"68":{"start":{"line":69,"column":0},"end":{"line":69,"column":58}},"69":{"start":{"line":70,"column":0},"end":{"line":70,"column":32}},"70":{"start":{"line":71,"column":0},"end":{"line":71,"column":27}},"71":{"start":{"line":72,"column":0},"end":{"line":72,"column":18}},"72":{"start":{"line":73,"column":0},"end":{"line":73,"column":38}},"73":{"start":{"line":74,"column":0},"end":{"line":74,"column":29}},"74":{"start":{"line":75,"column":0},"end":{"line":75,"column":13}},"75":{"start":{"line":76,"column":0},"end":{"line":76,"column":9}},"76":{"start":{"line":77,"column":0},"end":{"line":77,"column":8}},"77":{"start":{"line":78,"column":0},"end":{"line":78,"column":36}},"78":{"start":{"line":79,"column":0},"end":{"line":79,"column":58}},"79":{"start":{"line":80,"column":0},"end":{"line":80,"column":25}},"80":{"start":{"line":81,"column":0},"end":{"line":81,"column":5}},"81":{"start":{"line":82,"column":0},"end":{"line":82,"column":37}},"82":{"start":{"line":83,"column":0},"end":{"line":83,"column":30}},"83":{"start":{"line":84,"column":0},"end":{"line":84,"column":62}},"84":{"start":{"line":85,"column":0},"end":{"line":85,"column":9}},"85":{"start":{"line":86,"column":0},"end":{"line":86,"column":25}},"86":{"start":{"line":87,"column":0},"end":{"line":87,"column":58}},"87":{"start":{"line":88,"column":0},"end":{"line":88,"column":77}},"88":{"start":{"line":89,"column":0},"end":{"line":89,"column":9}},"89":{"start":{"line":90,"column":0},"end":{"line":90,"column":8}},"90":{"start":{"line":91,"column":0},"end":{"line":91,"column":36}},"91":{"start":{"line":92,"column":0},"end":{"line":92,"column":63}},"92":{"start":{"line":93,"column":0},"end":{"line":93,"column":38}},"93":{"start":{"line":94,"column":0},"end":{"line":94,"column":5}},"94":{"start":{"line":95,"column":0},"end":{"line":95,"column":36}},"95":{"start":{"line":96,"column":0},"end":{"line":96,"column":79}},"96":{"start":{"line":97,"column":0},"end":{"line":97,"column":23}},"97":{"start":{"line":98,"column":0},"end":{"line":98,"column":56}},"98":{"start":{"line":99,"column":0},"end":{"line":99,"column":46}},"99":{"start":{"line":100,"column":0},"end":{"line":100,"column":9}},"100":{"start":{"line":101,"column":0},"end":{"line":101,"column":36}},"101":{"start":{"line":102,"column":0},"end":{"line":102,"column":73}},"102":{"start":{"line":103,"column":0},"end":{"line":103,"column":25}},"103":{"start":{"line":104,"column":0},"end":{"line":104,"column":5}},"104":{"start":{"line":105,"column":0},"end":{"line":105,"column":36}},"105":{"start":{"line":106,"column":0},"end":{"line":106,"column":30}},"106":{"start":{"line":107,"column":0},"end":{"line":107,"column":65}},"107":{"start":{"line":108,"column":0},"end":{"line":108,"column":9}},"108":{"start":{"line":109,"column":0},"end":{"line":109,"column":25}},"109":{"start":{"line":110,"column":0},"end":{"line":110,"column":58}},"110":{"start":{"line":111,"column":0},"end":{"line":111,"column":77}},"111":{"start":{"line":112,"column":0},"end":{"line":112,"column":9}},"112":{"start":{"line":113,"column":0},"end":{"line":113,"column":8}},"113":{"start":{"line":114,"column":0},"end":{"line":114,"column":55}},"114":{"start":{"line":115,"column":0},"end":{"line":115,"column":24}},"115":{"start":{"line":116,"column":0},"end":{"line":116,"column":5}},"116":{"start":{"line":117,"column":0},"end":{"line":117,"column":12}},"117":{"start":{"line":118,"column":0},"end":{"line":118,"column":46}},"118":{"start":{"line":119,"column":0},"end":{"line":119,"column":3}},"119":{"start":{"line":120,"column":0},"end":{"line":120,"column":1}}},"s":{"0":0,"11":0,"12":0,"13":0,"14":0,"15":0,"16":0,"17":0,"18":0,"28":0,"29":0,"30":0,"31":0,"32":0,"34":0,"35":0,"36":0,"37":0,"38":0,"39":0,"40":0,"41":0,"42":0,"43":0,"44":0,"45":0,"46":0,"47":0,"48":0,"49":0,"50":0,"51":0,"52":0,"53":0,"54":0,"55":0,"56":0,"57":0,"58":0,"59":0,"60":0,"61":0,"62":0,"63":0,"64":0,"65":0,"66":0,"67":0,"68":0,"69":0,"70":0,"71":0,"72":0,"73":0,"74":0,"75":0,"76":0,"77":0,"78":0,"79":0,"80":0,"81":0,"82":0,"83":0,"84":0,"85":0,"86":0,"87":0,"88":0,"89":0,"90":0,"91":0,"92":0,"93":0,"94":0,"95":0,"96":0,"97":0,"98":0,"99":0,"100":0,"101":0,"102":0,"103":0,"104":0,"105":0,"106":0,"107":0,"108":0,"109":0,"110":0,"111":0,"112":0,"113":0,"114":0,"115":0,"116":0,"117":0,"118":0,"119":0},"branchMap":{"0":{"type":"branch","line":1,"loc":{"start":{"line":1,"column":3937},"end":{"line":120,"column":1}},"locations":[{"start":{"line":1,"column":3937},"end":{"line":120,"column":1}}]}},"b":{"0":[0]},"fnMap":{"0":{"name":"(empty-report)","decl":{"start":{"line":1,"column":3937},"end":{"line":120,"column":1}},"loc":{"start":{"line":1,"column":3937},"end":{"line":120,"column":1}},"line":1}},"f":{"0":0}}
,"/Users/f/pjs/vision-next/packages/wallets/src/modules/wallets/utils/sign-transaction.ts": {"path":"/Users/f/pjs/vision-next/packages/wallets/src/modules/wallets/utils/sign-transaction.ts","all":true,"statementMap":{"0":{"start":{"line":1,"column":0},"end":{"line":1,"column":51}},"17":{"start":{"line":18,"column":0},"end":{"line":18,"column":23}},"18":{"start":{"line":19,"column":0},"end":{"line":19,"column":18}},"19":{"start":{"line":20,"column":0},"end":{"line":20,"column":21}},"20":{"start":{"line":21,"column":0},"end":{"line":21,"column":18}},"21":{"start":{"line":22,"column":0},"end":{"line":22,"column":22}},"22":{"start":{"line":23,"column":0},"end":{"line":23,"column":48}},"23":{"start":{"line":24,"column":0},"end":{"line":24,"column":66}},"24":{"start":{"line":25,"column":0},"end":{"line":25,"column":53}},"25":{"start":{"line":26,"column":0},"end":{"line":26,"column":1}},"37":{"start":{"line":38,"column":0},"end":{"line":38,"column":41}},"38":{"start":{"line":39,"column":0},"end":{"line":39,"column":17}},"39":{"start":{"line":40,"column":0},"end":{"line":40,"column":18}},"40":{"start":{"line":41,"column":0},"end":{"line":41,"column":21}},"41":{"start":{"line":42,"column":0},"end":{"line":42,"column":18}},"42":{"start":{"line":43,"column":0},"end":{"line":43,"column":37}},"43":{"start":{"line":44,"column":0},"end":{"line":44,"column":49}},"44":{"start":{"line":45,"column":0},"end":{"line":45,"column":39}},"45":{"start":{"line":46,"column":0},"end":{"line":46,"column":1}}},"s":{"0":0,"17":0,"18":0,"19":0,"20":0,"21":0,"22":0,"23":0,"24":0,"25":0,"37":0,"38":0,"39":0,"40":0,"41":0,"42":0,"43":0,"44":0,"45":0},"branchMap":{"0":{"type":"branch","line":1,"loc":{"start":{"line":1,"column":1409},"end":{"line":46,"column":1}},"locations":[{"start":{"line":1,"column":1409},"end":{"line":46,"column":1}}]}},"b":{"0":[0]},"fnMap":{"0":{"name":"(empty-report)","decl":{"start":{"line":1,"column":1409},"end":{"line":46,"column":1}},"loc":{"start":{"line":1,"column":1409},"end":{"line":46,"column":1}},"line":1}},"f":{"0":0}}
}
